2025-12-08 01:22:33 [scrapy.middleware] INFO: Enabled downloader middlewares:
['scrapy.downloadermiddlewares.offsite.OffsiteMiddleware',
 'scrapy.downloadermiddlewares.httpauth.HttpAuthMiddleware',
 'scrapy.downloadermiddlewares.downloadtimeout.DownloadTimeoutMiddleware',
 'scrapy.downloadermiddlewares.defaultheaders.DefaultHeadersMiddleware',
 'NodeScrapy.middlewares.RandomUserAgentMiddleware',
 'scrapy.downloadermiddlewares.useragent.UserAgentMiddleware',
 'scrapy.downloadermiddlewares.retry.RetryMiddleware',
 'scrapy.downloadermiddlewares.redirect.MetaRefreshMiddleware',
 'scrapy.downloadermiddlewares.httpcompression.HttpCompressionMiddleware',
 'scrapy.downloadermiddlewares.redirect.RedirectMiddleware',
 'scrapy.downloadermiddlewares.cookies.CookiesMiddleware',
 'scrapy.downloadermiddlewares.httpproxy.HttpProxyMiddleware',
 'scrapy.downloadermiddlewares.stats.DownloaderStats']
2025-12-08 01:22:33 [scrapy.middleware] INFO: Enabled spider middlewares:
['scrapy.spidermiddlewares.start.StartSpiderMiddleware',
 'scrapy.spidermiddlewares.httperror.HttpErrorMiddleware',
 'scrapy.spidermiddlewares.referer.RefererMiddleware',
 'scrapy.spidermiddlewares.urllength.UrlLengthMiddleware',
 'scrapy.spidermiddlewares.depth.DepthMiddleware']
2025-12-08 01:22:33 [scrapy.middleware] INFO: Enabled item pipelines:
['NodeScrapy.pipelines.Pipeline', 'NodeScrapy.pipelines.GeoLocPipeline']
2025-12-08 01:22:33 [scrapy.core.engine] INFO: Spider opened
2025-12-08 01:22:34 [py.warnings] WARNING: /opt/hostedtoolcache/Python/3.12.12/x64/lib/python3.12/site-packages/scrapy/core/spidermw.py:433: ScrapyDeprecationWarning: NodeScrapy.spiders.SimpleSpider.SimpleSpider defines the deprecated start_requests() method. start_requests() has been deprecated in favor of a new method, start(), to support asynchronous code execution. start_requests() will stop being called in a future version of Scrapy. If you use Scrapy 2.13 or higher only, replace start_requests() with start(); note that start() is a coroutine (async def). If you need to maintain compatibility with lower Scrapy versions, when overriding start_requests() in a spider class, override start() as well; you can use super() to reuse the inherited start() implementation without copy-pasting. See the release notes of Scrapy 2.13 for details: https://docs.scrapy.org/en/2.13/news.html
  warn(

2025-12-08 01:22:34 [scrapy.extensions.logstats] INFO: Crawled 0 pages (at 0 pages/min), scraped 0 items (at 0 items/min)
2025-12-08 01:22:34 [scrapy.extensions.telnet] INFO: Telnet console listening on 127.0.0.1:6023
2025-12-08 01:22:34 [simple] INFO: clashmeta start
2025-12-08 01:22:34 [simple] INFO: ndnode start
2025-12-08 01:22:34 [simple] INFO: nodev2ray start
2025-12-08 01:22:34 [simple] INFO: nodefree start
2025-12-08 01:22:34 [simple] INFO: v2rayshare start
2025-12-08 01:22:34 [simple] INFO: wenode start
2025-12-08 01:22:34 [simple] INFO: clashmeta found /free-nodes/2025-12-3-clash-meta-github.htm on 2025-03-01
2025-12-08 01:22:34 [simple] INFO: clashmeta found /free-nodes/2025-12-2-clash-meta-node-github.htm on 2025-03-01
2025-12-08 01:22:34 [simple] INFO: clashmeta found /free-nodes/2025-12-1-latest-clash-meta-node.htm on 2025-03-01
2025-12-08 01:22:34 [simple] INFO: clashmeta found /free-nodes/2025-11-30-free-clash-meta-node.htm on 2025-11-30
2025-12-08 01:22:34 [simple] INFO: clashmeta found /free-nodes/2025-11-30-free-clash-meta-node.htm on 2025-11-30
2025-12-08 01:22:34 [simple] INFO: clashmeta found /free-nodes/2025-11-29-node-share-links.htm on 2025-11-29
2025-12-08 01:22:34 [simple] INFO: clashmeta found /free-nodes/2025-11-29-node-share-links.htm on 2025-11-29
2025-12-08 01:22:34 [simple] INFO: clashmeta found /free-nodes/2025-11-28-clash-meta-windows.htm on 2025-11-28
2025-12-08 01:22:34 [simple] INFO: clashmeta found /free-nodes/2025-11-28-clash-meta-windows.htm on 2025-11-28
2025-12-08 01:22:34 [simple] INFO: clashmeta found /free-nodes/2025-11-26-free-node-subscribe-links.htm on 2025-11-26
2025-12-08 01:22:34 [simple] INFO: clashmeta found /free-nodes/2025-11-26-free-node-subscribe-links.htm on 2025-11-26
2025-12-08 01:22:34 [simple] INFO: clashmeta found /free-nodes/2025-11-23-latest-clash-meta-node.htm on 2025-11-23
2025-12-08 01:22:34 [simple] INFO: clashmeta found /free-nodes/2025-11-23-latest-clash-meta-node.htm on 2025-11-23
2025-12-08 01:22:34 [simple] INFO: clashmeta found /free-nodes/2025-11-22-free-node-subscribe.htm on 2025-11-22
2025-12-08 01:22:34 [simple] INFO: clashmeta found /free-nodes/2025-11-22-free-node-subscribe.htm on 2025-11-22
2025-12-08 01:22:34 [simple] INFO: clashmeta found /free-nodes/2025-11-21-free-high-speed-nodes.htm on 2025-11-21
2025-12-08 01:22:34 [simple] INFO: clashmeta found /free-nodes/2025-11-21-free-high-speed-nodes.htm on 2025-11-21
2025-12-08 01:22:34 [simple] INFO: clashmeta is up to date, exiting
2025-12-08 01:22:34 [simple] INFO: clashmeta needs update, accessing https://clash-meta.github.io/free-nodes/2025-12-3-clash-meta-github.htm
2025-12-08 01:22:34 [simple] INFO: clashmeta is up to date, exiting
2025-12-08 01:22:34 [simple] INFO: v2rayshare found https://v2rayshare.net/p/4128.html on 2025-11-30
2025-12-08 01:22:34 [simple] INFO: v2rayshare found https://v2rayshare.net/p/4129.html on 2025-11-29
2025-12-08 01:22:34 [simple] INFO: v2rayshare found https://v2rayshare.net/p/4130.html on 2025-11-28
2025-12-08 01:22:34 [simple] INFO: v2rayshare needs update, accessing https://v2rayshare.net/p/4121.html
2025-12-08 01:22:34 [simple] INFO: v2rayshare needs update, accessing https://v2rayshare.net/p/4122.html
2025-12-08 01:22:34 [simple] INFO: v2rayshare needs update, accessing https://v2rayshare.net/p/4123.html
2025-12-08 01:22:34 [simple] INFO: nodefree found https://nodefree.me/p/2714.html on 2025-11-30
2025-12-08 01:22:34 [simple] INFO: nodefree found https://nodefree.me/p/2715.html on 2025-11-29
2025-12-08 01:22:34 [simple] INFO: nodefree found https://nodefree.me/p/2716.html on 2025-11-28
2025-12-08 01:22:34 [simple] INFO: nodefree needs update, accessing https://nodefree.me/p/2707.html
2025-12-08 01:22:34 [simple] INFO: nodefree needs update, accessing https://nodefree.me/p/2708.html
2025-12-08 01:22:34 [simple] INFO: nodefree needs update, accessing https://nodefree.me/p/2709.html
2025-12-08 01:22:34 [simple] INFO: v2rayshare found https://v2rayshare.githubrowcontent.com/2025/12/20251207.txt
2025-12-08 01:22:34 [simple] INFO: v2rayshare found https://v2rayshare.githubrowcontent.com/2025/12/20251207.yaml
2025-12-08 01:22:34 [simple] INFO: v2rayshare found https://v2rayshare.githubrowcontent.com/2025/12/20251207.yaml
2025-12-08 01:22:34 [simple] INFO: nodefree found https://nodefree.githubrowcontent.com/2025/12/20251207.txt
2025-12-08 01:22:34 [simple] INFO: nodefree found https://nodefree.githubrowcontent.com/2025/12/20251207.yaml
2025-12-08 01:22:34 [simple] INFO: nodefree found https://nodefree.githubrowcontent.com/2025/12/m20251207.yaml
2025-12-08 01:22:34 [simple] INFO: v2rayshare found https://v2rayshare.githubrowcontent.com/2025/12/20251206.txt
2025-12-08 01:22:34 [simple] INFO: v2rayshare found https://v2rayshare.githubrowcontent.com/2025/12/20251206.yaml
2025-12-08 01:22:34 [simple] INFO: v2rayshare found https://v2rayshare.githubrowcontent.com/2025/12/20251206.yaml
2025-12-08 01:22:34 [simple] INFO: v2rayshare found https://v2rayshare.githubrowcontent.com/2025/12/20251205.txt
2025-12-08 01:22:34 [simple] INFO: v2rayshare found https://v2rayshare.githubrowcontent.com/2025/12/20251205.yaml
2025-12-08 01:22:34 [simple] INFO: v2rayshare found https://v2rayshare.githubrowcontent.com/2025/12/20251205.yaml
2025-12-08 01:22:34 [simple] INFO: nodev2ray found /free-node/2025-11-30-free-node-subscribe-links.htm on 2025-11-30
2025-12-08 01:22:34 [simple] INFO: nodev2ray found /free-node/2025-11-29-free-ssr-node.htm on 2025-11-29
2025-12-08 01:22:34 [simple] INFO: nodev2ray needs update, accessing https://nodev2ray.com/free-node/2025-12-8-free-clash.htm
2025-12-08 01:22:34 [simple] INFO: nodev2ray needs update, accessing https://nodev2ray.com/free-node/2025-12-7-free-clash-subscribe.htm
2025-12-08 01:22:34 [simple] INFO: nodev2ray needs update, accessing https://nodev2ray.com/free-node/2025-12-6-v2ray-node-daily-updates.htm
2025-12-08 01:22:34 [simple] INFO: ndnode found https://www.naidounode.com/n/3411.html on 2025-11-30
2025-12-08 01:22:34 [simple] INFO: ndnode found https://www.naidounode.com/n/3409.html on 2025-11-29
2025-12-08 01:22:34 [simple] INFO: ndnode found https://www.naidounode.com/n/3407.html on 2025-11-28
2025-12-08 01:22:34 [simple] INFO: ndnode needs update, accessing https://www.naidounode.com/n/3425.html
2025-12-08 01:22:34 [simple] INFO: ndnode needs update, accessing https://www.naidounode.com/n/3423.html
2025-12-08 01:22:34 [simple] INFO: ndnode needs update, accessing https://www.naidounode.com/n/3421.html
2025-12-08 01:22:34 [simple] INFO: nodefree found https://nodefree.githubrowcontent.com/2025/12/20251205.txt
2025-12-08 01:22:34 [simple] INFO: nodefree found https://nodefree.githubrowcontent.com/2025/12/20251205.yaml
2025-12-08 01:22:34 [simple] INFO: nodefree found https://nodefree.githubrowcontent.com/2025/12/m20251205.yaml
2025-12-08 01:22:34 [simple] INFO: nodefree found https://nodefree.githubrowcontent.com/2025/12/20251206.txt
2025-12-08 01:22:34 [simple] INFO: nodefree found https://nodefree.githubrowcontent.com/2025/12/20251206.yaml
2025-12-08 01:22:34 [simple] INFO: nodefree found https://nodefree.githubrowcontent.com/2025/12/m20251206.yaml
2025-12-08 01:22:34 [simple] INFO: ndnode found http://naidounode.cczzuu.top/node/20251207-v2ray.txt
2025-12-08 01:22:34 [simple] INFO: ndnode found http://naidounode.cczzuu.top/node/20251207-clash.yaml
2025-12-08 01:22:34 [simple] INFO: ndnode found http://naidounode.cczzuu.top/node/20251206-v2ray.txt
2025-12-08 01:22:34 [simple] INFO: ndnode found http://naidounode.cczzuu.top/node/20251206-clash.yaml
2025-12-08 01:22:34 [simple] INFO: ndnode found http://naidounode.cczzuu.top/node/20251205-v2ray.txt
2025-12-08 01:22:34 [simple] INFO: ndnode found http://naidounode.cczzuu.top/node/20251205-clash.yaml
2025-12-08 01:22:34 [simple] INFO: Pipeline got item v2rayshare.txt
2025-12-08 01:22:34 [simple] INFO: Pipeline processed v2rayshare.txt
2025-12-08 01:22:34 [simple] INFO: Pipeline got item nodefree.txt
2025-12-08 01:22:34 [simple] INFO: Pipeline processed nodefree.txt
2025-12-08 01:22:34 [simple] INFO: Pipeline got item nodefree.yaml
2025-12-08 01:22:35 [simple] INFO: Pipeline processed nodefree.yaml
2025-12-08 01:22:35 [simple] INFO: Pipeline got item v2rayshare.yaml
2025-12-08 01:22:35 [simple] INFO: Pipeline processed v2rayshare.yaml
2025-12-08 01:22:35 [simple] INFO: Pipeline got item v2rayshare.txt
2025-12-08 01:22:35 [simple] INFO: Pipeline processed v2rayshare.txt
2025-12-08 01:22:35 [simple] INFO: Pipeline got item nodefree.yaml
2025-12-08 01:22:35 [simple] INFO: Pipeline processed nodefree.yaml
2025-12-08 01:22:35 [simple] INFO: Pipeline got item v2rayshare.yaml
2025-12-08 01:22:35 [simple] INFO: Pipeline processed v2rayshare.yaml
2025-12-08 01:22:35 [simple] INFO: wenode found https://oneclash.cc/a/2324.html on 2025-11-30
2025-12-08 01:22:35 [simple] INFO: wenode found https://oneclash.cc/a/2325.html on 2025-11-29
2025-12-08 01:22:35 [simple] INFO: wenode found https://oneclash.cc/a/2326.html on 2025-11-28
2025-12-08 01:22:35 [simple] INFO: wenode needs update, accessing https://oneclash.cc/a/2317.html
2025-12-08 01:22:35 [simple] INFO: wenode needs update, accessing https://oneclash.cc/a/2318.html
2025-12-08 01:22:35 [simple] INFO: wenode needs update, accessing https://oneclash.cc/a/2319.html
2025-12-08 01:22:35 [simple] INFO: Pipeline got item v2rayshare.txt
2025-12-08 01:22:35 [simple] INFO: Pipeline processed v2rayshare.txt
2025-12-08 01:22:35 [simple] INFO: Pipeline got item v2rayshare.yaml
2025-12-08 01:22:35 [simple] INFO: Pipeline processed v2rayshare.yaml
2025-12-08 01:22:35 [simple] INFO: Pipeline got item nodefree.txt
2025-12-08 01:22:35 [simple] INFO: Pipeline processed nodefree.txt
2025-12-08 01:22:35 [simple] INFO: Pipeline got item nodefree.yaml
2025-12-08 01:22:35 [simple] INFO: Pipeline processed nodefree.yaml
2025-12-08 01:22:35 [simple] INFO: Pipeline got item nodefree.yaml
2025-12-08 01:22:35 [simple] INFO: Pipeline processed nodefree.yaml
2025-12-08 01:22:35 [simple] INFO: nodev2ray found https://node.nodev2ray.com/uploads/2025/12/0-20251208.txt
2025-12-08 01:22:35 [simple] INFO: nodev2ray found https://node.nodev2ray.com/uploads/2025/12/1-20251208.txt
2025-12-08 01:22:35 [simple] INFO: nodev2ray found https://node.nodev2ray.com/uploads/2025/12/3-20251208.txt
2025-12-08 01:22:35 [simple] INFO: nodev2ray found https://node.nodev2ray.com/uploads/2025/12/0-20251208.yaml
2025-12-08 01:22:35 [simple] INFO: nodev2ray found https://node.nodev2ray.com/uploads/2025/12/1-20251208.yaml
2025-12-08 01:22:35 [simple] INFO: nodev2ray found https://node.nodev2ray.com/uploads/2025/12/4-20251208.yaml
2025-12-08 01:22:35 [simple] WARNING: nodev2ray could not parse https://node.nodev2ray.com/uploads/2025/12/20251208.json, skipping
2025-12-08 01:22:35 [simple] INFO: nodev2ray found https://node.nodev2ray.com/uploads/2025/12/0-20251207.txt
2025-12-08 01:22:35 [simple] INFO: nodev2ray found https://node.nodev2ray.com/uploads/2025/12/1-20251207.txt
2025-12-08 01:22:35 [simple] INFO: nodev2ray found https://node.nodev2ray.com/uploads/2025/12/2-20251207.txt
2025-12-08 01:22:35 [simple] INFO: nodev2ray found https://node.nodev2ray.com/uploads/2025/12/4-20251207.txt
2025-12-08 01:22:35 [simple] INFO: nodev2ray found https://node.nodev2ray.com/uploads/2025/12/3-20251207.yaml
2025-12-08 01:22:35 [simple] INFO: nodev2ray found https://node.nodev2ray.com/uploads/2025/12/4-20251207.yaml
2025-12-08 01:22:35 [simple] WARNING: nodev2ray could not parse https://node.nodev2ray.com/uploads/2025/12/20251207.json, skipping
2025-12-08 01:22:35 [simple] INFO: nodev2ray found https://node.nodev2ray.com/uploads/2025/12/0-20251206.txt
2025-12-08 01:22:35 [simple] INFO: nodev2ray found https://node.nodev2ray.com/uploads/2025/12/2-20251206.txt
2025-12-08 01:22:35 [simple] INFO: nodev2ray found https://node.nodev2ray.com/uploads/2025/12/3-20251206.txt
2025-12-08 01:22:35 [simple] INFO: nodev2ray found https://node.nodev2ray.com/uploads/2025/12/4-20251206.txt
2025-12-08 01:22:35 [simple] INFO: nodev2ray found https://node.nodev2ray.com/uploads/2025/12/1-20251206.yaml
2025-12-08 01:22:35 [simple] INFO: nodev2ray found https://node.nodev2ray.com/uploads/2025/12/3-20251206.yaml
2025-12-08 01:22:35 [simple] INFO: nodev2ray found https://node.nodev2ray.com/uploads/2025/12/4-20251206.yaml
2025-12-08 01:22:35 [simple] WARNING: nodev2ray could not parse https://node.nodev2ray.com/uploads/2025/12/20251206.json, skipping
2025-12-08 01:22:35 [simple] INFO: Pipeline got item nodefree.yaml
2025-12-08 01:22:35 [simple] INFO: Pipeline processed nodefree.yaml
2025-12-08 01:22:35 [simple] INFO: Pipeline got item nodefree.txt
2025-12-08 01:22:35 [simple] INFO: Pipeline processed nodefree.txt
2025-12-08 01:22:35 [simple] INFO: Pipeline got item nodefree.yaml
2025-12-08 01:22:35 [simple] INFO: Pipeline processed nodefree.yaml
2025-12-08 01:22:35 [simple] INFO: Pipeline got item ndnode.txt
2025-12-08 01:22:35 [simple] INFO: Pipeline processed ndnode.txt
2025-12-08 01:22:35 [simple] INFO: Pipeline got item ndnode.txt
2025-12-08 01:22:35 [simple] INFO: Pipeline processed ndnode.txt
2025-12-08 01:22:35 [simple] INFO: Pipeline got item ndnode.yaml
2025-12-08 01:22:35 [simple] INFO: Pipeline processed ndnode.yaml
2025-12-08 01:22:35 [simple] INFO: Pipeline got item ndnode.txt
2025-12-08 01:22:35 [simple] INFO: Pipeline processed ndnode.txt
2025-12-08 01:22:35 [simple] INFO: Pipeline got item ndnode.yaml
2025-12-08 01:22:35 [simple] INFO: Pipeline processed ndnode.yaml
2025-12-08 01:22:36 [simple] WARNING: wenode could not parse https://oneclash.githubrowcontent.com/2025/1..."/, skipping
2025-12-08 01:22:36 [simple] INFO: wenode found https://oneclash.githubrowcontent.com/2025/12/20251206.txt
2025-12-08 01:22:36 [simple] INFO: wenode found https://oneclash.githubrowcontent.com/2025/12/20251206.yaml
2025-12-08 01:22:36 [simple] INFO: wenode found https://oneclash.githubrowcontent.com/2025/12/m20251206.yaml
2025-12-08 01:22:36 [simple] WARNING: wenode could not parse https://oneclash.githubrowcontent.com/2025/1..."/, skipping
2025-12-08 01:22:36 [simple] INFO: wenode found https://oneclash.githubrowcontent.com/2025/12/20251207.txt
2025-12-08 01:22:36 [simple] INFO: wenode found https://oneclash.githubrowcontent.com/2025/12/20251207.yaml
2025-12-08 01:22:36 [simple] INFO: wenode found https://oneclash.githubrowcontent.com/2025/12/m20251207.yaml
2025-12-08 01:22:36 [simple] INFO: Pipeline got item ndnode.yaml
2025-12-08 01:22:36 [simple] INFO: Pipeline processed ndnode.yaml
2025-12-08 01:22:36 [scrapy.spidermiddlewares.httperror] INFO: Ignoring response <404 https://node.nodev2ray.com/uploads/2025/12/1-20251208.txt>: HTTP status code is not handled or not allowed
2025-12-08 01:22:36 [scrapy.spidermiddlewares.httperror] INFO: Ignoring response <404 https://node.nodev2ray.com/uploads/2025/12/1-20251208.yaml>: HTTP status code is not handled or not allowed
2025-12-08 01:22:36 [simple] WARNING: wenode could not parse https://oneclash.githubrowcontent.com/2025/1..."/, skipping
2025-12-08 01:22:36 [simple] INFO: wenode found https://oneclash.githubrowcontent.com/2025/12/20251205.txt
2025-12-08 01:22:36 [simple] INFO: wenode found https://oneclash.githubrowcontent.com/2025/12/20251205.yaml
2025-12-08 01:22:36 [simple] INFO: wenode found https://oneclash.githubrowcontent.com/2025/12/m20251205.yaml
2025-12-08 01:22:36 [simple] INFO: Pipeline got item nodev2ray.txt
2025-12-08 01:22:36 [simple] INFO: Pipeline processed nodev2ray.txt
2025-12-08 01:22:36 [simple] INFO: Pipeline got item nodev2ray.yaml
2025-12-08 01:22:36 [simple] INFO: Pipeline processed nodev2ray.yaml
2025-12-08 01:22:36 [simple] INFO: Pipeline got item nodev2ray.txt
2025-12-08 01:22:36 [simple] INFO: Pipeline processed nodev2ray.txt
2025-12-08 01:22:36 [simple] INFO: Pipeline got item nodev2ray.txt
2025-12-08 01:22:36 [simple] INFO: Pipeline processed nodev2ray.txt
2025-12-08 01:22:36 [simple] INFO: Pipeline got item nodev2ray.txt
2025-12-08 01:22:36 [simple] INFO: Pipeline processed nodev2ray.txt
2025-12-08 01:22:36 [simple] INFO: Pipeline got item nodev2ray.txt
2025-12-08 01:22:36 [simple] INFO: Pipeline processed nodev2ray.txt
2025-12-08 01:22:36 [simple] INFO: Pipeline got item nodev2ray.txt
2025-12-08 01:22:36 [simple] INFO: Pipeline processed nodev2ray.txt
2025-12-08 01:22:36 [simple] INFO: Pipeline got item nodev2ray.txt
2025-12-08 01:22:36 [simple] INFO: Pipeline processed nodev2ray.txt
2025-12-08 01:22:36 [simple] INFO: Pipeline got item nodev2ray.yaml
2025-12-08 01:22:36 [simple] INFO: Pipeline processed nodev2ray.yaml
2025-12-08 01:22:36 [simple] INFO: Pipeline got item nodev2ray.txt
2025-12-08 01:22:36 [simple] INFO: Pipeline processed nodev2ray.txt
2025-12-08 01:22:36 [simple] INFO: Pipeline got item nodev2ray.txt
2025-12-08 01:22:36 [simple] INFO: Pipeline processed nodev2ray.txt
2025-12-08 01:22:36 [simple] INFO: Pipeline got item nodev2ray.yaml
2025-12-08 01:22:40 [simple] INFO: Pipeline processed nodev2ray.yaml
2025-12-08 01:22:40 [simple] INFO: Pipeline got item nodev2ray.yaml
2025-12-08 01:22:41 [simple] INFO: Pipeline processed nodev2ray.yaml
2025-12-08 01:22:41 [simple] INFO: Pipeline got item nodev2ray.yaml
2025-12-08 01:22:41 [simple] INFO: Pipeline processed nodev2ray.yaml
2025-12-08 01:22:41 [simple] INFO: Pipeline got item nodev2ray.txt
2025-12-08 01:22:41 [simple] INFO: Pipeline processed nodev2ray.txt
2025-12-08 01:22:41 [simple] INFO: Pipeline got item nodev2ray.yaml
2025-12-08 01:22:44 [simple] INFO: Pipeline processed nodev2ray.yaml
2025-12-08 01:22:44 [simple] INFO: Pipeline got item wenode.yaml
2025-12-08 01:22:44 [simple] INFO: Pipeline processed wenode.yaml
2025-12-08 01:22:44 [simple] INFO: Pipeline got item wenode.yaml
2025-12-08 01:22:44 [simple] INFO: Pipeline processed wenode.yaml
2025-12-08 01:22:44 [simple] INFO: Pipeline got item wenode.txt
2025-12-08 01:22:44 [simple] INFO: Pipeline processed wenode.txt
2025-12-08 01:22:44 [simple] INFO: Pipeline got item wenode.yaml
2025-12-08 01:22:44 [simple] INFO: Pipeline processed wenode.yaml
2025-12-08 01:22:44 [simple] INFO: Pipeline got item wenode.txt
2025-12-08 01:22:44 [simple] INFO: Pipeline processed wenode.txt
2025-12-08 01:22:44 [simple] INFO: Pipeline got item wenode.yaml
2025-12-08 01:22:45 [simple] INFO: Pipeline processed wenode.yaml
2025-12-08 01:22:45 [simple] INFO: Pipeline got item wenode.yaml
2025-12-08 01:22:45 [simple] INFO: Pipeline processed wenode.yaml
2025-12-08 01:22:45 [simple] INFO: Pipeline got item wenode.txt
2025-12-08 01:22:45 [simple] INFO: Pipeline processed wenode.txt
2025-12-08 01:22:45 [simple] INFO: Pipeline got item wenode.yaml
2025-12-08 01:22:45 [simple] INFO: Pipeline processed wenode.yaml
2025-12-08 01:22:45 [simple] INFO: Pipeline got item nodev2ray.yaml
2025-12-08 01:22:48 [simple] INFO: Pipeline processed nodev2ray.yaml
2025-12-08 01:22:48 [scrapy.core.engine] INFO: Closing spider (finished)
2025-12-08 01:22:48 [scrapy.statscollectors] INFO: Dumping Scrapy stats:
{'downloader/request_bytes': 30275,
 'downloader/request_count': 74,
 'downloader/request_method_count/GET': 74,
 'downloader/response_bytes': 6751211,
 'downloader/response_count': 74,
 'downloader/response_status_count/200': 69,
 'downloader/response_status_count/301': 3,
 'downloader/response_status_count/404': 2,
 'dupefilter/filtered': 3,
 'elapsed_time_seconds': 14.726855,
 'finish_reason': 'finished',
 'finish_time': datetime.datetime(2025, 12, 8, 1, 22, 48, 751063, tzinfo=datetime.timezone.utc),
 'httpcompression/response_bytes': 1889334,
 'httpcompression/response_count': 45,
 'httperror/response_ignored_count': 2,
 'httperror/response_ignored_status_count/404': 2,
 'item_scraped_count': 47,
 'items_per_minute': 201.42857142857142,
 'log_count/INFO': 213,
 'log_count/WARNING': 8,
 'memusage/max': 182034432,
 'memusage/startup': 182034432,
 'request_depth_max': 2,
 'response_received_count': 71,
 'responses_per_minute': 304.2857142857143,
 'scheduler/dequeued': 74,
 'scheduler/dequeued/memory': 74,
 'scheduler/enqueued': 74,
 'scheduler/enqueued/memory': 74,
 'start_time': datetime.datetime(2025, 12, 8, 1, 22, 34, 24208, tzinfo=datetime.timezone.utc)}
2025-12-08 01:22:48 [scrapy.core.engine] INFO: Spider closed (finished)
2025-12-08 01:23:01 [scrapy.addons] INFO: Enabled addons:
[]
2025-12-08 01:23:01 [py.warnings] WARNING: /opt/hostedtoolcache/Python/3.12.12/x64/lib/python3.12/site-packages/scrapy/utils/request.py:120: ScrapyDeprecationWarning: 'REQUEST_FINGERPRINTER_IMPLEMENTATION' is a deprecated setting.
It will be removed in a future version of Scrapy.
  return cls(crawler)

2025-12-08 01:23:01 [scrapy.extensions.telnet] INFO: Telnet Password: 5457104f3aaecf8e
2025-12-08 01:23:01 [scrapy.middleware] INFO: Enabled extensions:
['scrapy.extensions.corestats.CoreStats',
 'scrapy.extensions.telnet.TelnetConsole',
 'scrapy.extensions.memusage.MemoryUsage',
 'scrapy.extensions.logstats.LogStats']
2025-12-08 01:23:01 [scrapy.crawler] INFO: Overridden settings:
{'BOT_NAME': 'NodeScrapy',
 'FEED_EXPORT_ENCODING': 'utf-8',
 'LOG_FILE': 'scrapy.log',
 'LOG_LEVEL': 'INFO',
 'NEWSPIDER_MODULE': 'NodeScrapy.spiders',
 'REQUEST_FINGERPRINTER_IMPLEMENTATION': '2.7',
 'SPIDER_MODULES': ['NodeScrapy.spiders']}
2025-12-08 01:23:01 [scrapy.middleware] INFO: Enabled downloader middlewares:
['scrapy.downloadermiddlewares.offsite.OffsiteMiddleware',
 'scrapy.downloadermiddlewares.httpauth.HttpAuthMiddleware',
 'scrapy.downloadermiddlewares.downloadtimeout.DownloadTimeoutMiddleware',
 'scrapy.downloadermiddlewares.defaultheaders.DefaultHeadersMiddleware',
 'NodeScrapy.middlewares.RandomUserAgentMiddleware',
 'scrapy.downloadermiddlewares.useragent.UserAgentMiddleware',
 'scrapy.downloadermiddlewares.retry.RetryMiddleware',
 'scrapy.downloadermiddlewares.redirect.MetaRefreshMiddleware',
 'scrapy.downloadermiddlewares.httpcompression.HttpCompressionMiddleware',
 'scrapy.downloadermiddlewares.redirect.RedirectMiddleware',
 'scrapy.downloadermiddlewares.cookies.CookiesMiddleware',
 'scrapy.downloadermiddlewares.httpproxy.HttpProxyMiddleware',
 'scrapy.downloadermiddlewares.stats.DownloaderStats']
2025-12-08 01:23:01 [scrapy.middleware] INFO: Enabled spider middlewares:
['scrapy.spidermiddlewares.start.StartSpiderMiddleware',
 'scrapy.spidermiddlewares.httperror.HttpErrorMiddleware',
 'scrapy.spidermiddlewares.referer.RefererMiddleware',
 'scrapy.spidermiddlewares.urllength.UrlLengthMiddleware',
 'scrapy.spidermiddlewares.depth.DepthMiddleware']
2025-12-08 01:23:01 [scrapy.middleware] INFO: Enabled item pipelines:
['NodeScrapy.pipelines.Pipeline', 'NodeScrapy.pipelines.GeoLocPipeline']
2025-12-08 01:23:01 [scrapy.core.engine] INFO: Spider opened
2025-12-08 01:23:01 [py.warnings] WARNING: /opt/hostedtoolcache/Python/3.12.12/x64/lib/python3.12/site-packages/scrapy/core/spidermw.py:433: ScrapyDeprecationWarning: NodeScrapy.spiders.SimpleSpider.SimpleSpider (inherited by NodeScrapy.spiders.DecryptSpider.DecryptSpider) defines the deprecated start_requests() method. start_requests() has been deprecated in favor of a new method, start(), to support asynchronous code execution. start_requests() will stop being called in a future version of Scrapy. If you use Scrapy 2.13 or higher only, replace start_requests() with start(); note that start() is a coroutine (async def). If you need to maintain compatibility with lower Scrapy versions, when overriding start_requests() in a spider class, override start() as well; you can use super() to reuse the inherited start() implementation without copy-pasting. See the release notes of Scrapy 2.13 for details: https://docs.scrapy.org/en/2.13/news.html
  warn(

2025-12-08 01:23:01 [scrapy.extensions.logstats] INFO: Crawled 0 pages (at 0 pages/min), scraped 0 items (at 0 items/min)
2025-12-08 01:23:01 [scrapy.extensions.telnet] INFO: Telnet console listening on 127.0.0.1:6023
2025-12-08 01:23:01 [decrypt] INFO: yudou66 start
2025-12-08 01:23:01 [decrypt] INFO: blues start
2025-12-08 01:23:01 [decrypt] INFO: blues found https://blues2022.blogspot.com/2025/11/202511304kchatgpt4k8kclashv2ray.html on 2025-11-30
2025-12-08 01:23:01 [decrypt] INFO: blues found https://blues2022.blogspot.com/2025/11/202511294kchatgpt4k8kclashv2ray.html on 2025-11-29
2025-12-08 01:23:01 [decrypt] INFO: blues found https://blues2022.blogspot.com/2025/11/202511284kchatgpt4k8kclashv2ray.html on 2025-11-28
2025-12-08 01:23:01 [decrypt] INFO: blues needs update, accessing https://blues2022.blogspot.com/2025/12/20251274kchatgpt4k8kclashv2ray.html
2025-12-08 01:23:01 [decrypt] INFO: blues needs update, accessing https://blues2022.blogspot.com/2025/12/20251264kchatgpt4k8kclashv2ray.html
2025-12-08 01:23:01 [decrypt] INFO: blues needs update, accessing https://blues2022.blogspot.com/2025/12/20251254kchatgpt4k8kclashv2ray.html
2025-12-08 01:23:04 [decrypt] WARNING: blues 8800 got 密碼錯誤
2025-12-08 01:23:06 [decrypt] WARNING: blues 0000 got 密碼錯誤
2025-12-08 01:23:07 [decrypt] WARNING: blues 0011 got 密碼錯誤
2025-12-08 01:23:09 [decrypt] WARNING: blues 0022 got 密碼錯誤
2025-12-08 01:23:10 [decrypt] WARNING: blues 0033 got 密碼錯誤
2025-12-08 01:23:12 [decrypt] WARNING: blues 0044 got 密碼錯誤
2025-12-08 01:23:13 [decrypt] WARNING: blues 0055 got 密碼錯誤
2025-12-08 01:23:14 [decrypt] WARNING: blues 0066 got 密碼錯誤
2025-12-08 01:23:16 [decrypt] WARNING: blues 0077 got 密碼錯誤
2025-12-08 01:23:18 [decrypt] WARNING: blues 0088 got 密碼錯誤
2025-12-08 01:23:19 [decrypt] WARNING: blues 0099 got 密碼錯誤
2025-12-08 01:23:20 [decrypt] WARNING: blues 1100 got 密碼錯誤
2025-12-08 01:23:21 [decrypt] WARNING: blues 1111 got 密碼錯誤
2025-12-08 01:23:22 [decrypt] WARNING: blues 1122 got 密碼錯誤
2025-12-08 01:23:24 [decrypt] WARNING: blues 1133 got 密碼錯誤
2025-12-08 01:23:27 [decrypt] INFO: blues saved new password 1144
2025-12-08 01:23:27 [decrypt] INFO: yudou66 found http://www.yudou6677.top/2025/11/202511301361080p4kv2rayclashsing.html on 2025-11-30
2025-12-08 01:23:27 [decrypt] INFO: yudou66 found http://www.yudou6677.top/2025/11/202511291391080p4kv2rayclashsing.html on 2025-11-29
2025-12-08 01:23:27 [decrypt] INFO: yudou66 needs update, accessing http://www.yudou6677.top/2025/12/20251207941080p4kv2rayclashsing.html
2025-12-08 01:23:27 [decrypt] INFO: yudou66 needs update, accessing http://www.yudou6677.top/2025/12/202512061581080p4kv2rayclashsing.html
2025-12-08 01:23:27 [decrypt] INFO: yudou66 needs update, accessing http://www.yudou6677.top/2025/12/20251205951080p4kv2rayclashsing.html
2025-12-08 01:23:28 [decrypt] WARNING: blues 1144 got 密碼錯誤
2025-12-08 01:23:29 [decrypt] WARNING: blues 0000 got 密碼錯誤
2025-12-08 01:23:30 [decrypt] WARNING: blues 0011 got 密碼錯誤
2025-12-08 01:23:31 [decrypt] WARNING: blues 0022 got 密碼錯誤
2025-12-08 01:23:34 [decrypt] INFO: blues saved new password 0033
2025-12-08 01:23:35 [decrypt] WARNING: blues 0033 got 密碼錯誤
2025-12-08 01:23:36 [decrypt] WARNING: blues 0000 got 密碼錯誤
2025-12-08 01:23:37 [decrypt] WARNING: blues 0011 got 密碼錯誤
2025-12-08 01:23:38 [decrypt] WARNING: blues 0022 got 密碼錯誤
2025-12-08 01:23:39 [decrypt] WARNING: blues 0033 got 密碼錯誤
2025-12-08 01:23:40 [decrypt] WARNING: blues 0044 got 密碼錯誤
2025-12-08 01:23:41 [decrypt] WARNING: blues 0055 got 密碼錯誤
2025-12-08 01:23:42 [decrypt] WARNING: blues 0066 got 密碼錯誤
2025-12-08 01:23:43 [decrypt] WARNING: blues 0077 got 密碼錯誤
2025-12-08 01:23:44 [decrypt] WARNING: blues 0088 got 密碼錯誤
2025-12-08 01:23:45 [decrypt] WARNING: blues 0099 got 密碼錯誤
2025-12-08 01:23:46 [decrypt] WARNING: blues 1100 got 密碼錯誤
2025-12-08 01:23:47 [decrypt] WARNING: blues 1111 got 密碼錯誤
2025-12-08 01:23:48 [decrypt] WARNING: blues 1122 got 密碼錯誤
2025-12-08 01:23:49 [decrypt] WARNING: blues 1133 got 密碼錯誤
2025-12-08 01:23:50 [decrypt] WARNING: blues 1144 got 密碼錯誤
2025-12-08 01:23:51 [decrypt] WARNING: blues 1155 got 密碼錯誤
2025-12-08 01:23:52 [decrypt] WARNING: blues 1166 got 密碼錯誤
2025-12-08 01:23:54 [decrypt] WARNING: blues 1177 got 密碼錯誤
2025-12-08 01:23:55 [decrypt] WARNING: blues 1188 got 密碼錯誤
2025-12-08 01:23:56 [decrypt] WARNING: blues 1199 got 密碼錯誤
2025-12-08 01:23:57 [decrypt] WARNING: blues 2200 got 密碼錯誤
2025-12-08 01:23:58 [decrypt] WARNING: blues 2211 got 密碼錯誤
2025-12-08 01:23:59 [decrypt] WARNING: blues 2222 got 密碼錯誤
2025-12-08 01:24:00 [decrypt] WARNING: blues 2233 got 密碼錯誤
2025-12-08 01:24:01 [decrypt] WARNING: blues 2244 got 密碼錯誤
2025-12-08 01:24:04 [decrypt] INFO: blues saved new password 2255
2025-12-08 01:24:04 [scrapy.extensions.logstats] INFO: Crawled 6 pages (at 6 pages/min), scraped 0 items (at 0 items/min)
2025-12-08 01:24:05 [decrypt] WARNING: yudou66 6677 got 密碼錯誤
2025-12-08 01:24:06 [decrypt] WARNING: yudou66 0000 got 密碼錯誤
2025-12-08 01:24:06 [decrypt] WARNING: yudou66 0011 got 密碼錯誤
2025-12-08 01:24:06 [decrypt] WARNING: yudou66 0022 got 密碼錯誤
2025-12-08 01:24:07 [decrypt] WARNING: yudou66 0033 got 密碼錯誤
2025-12-08 01:24:07 [decrypt] WARNING: yudou66 0044 got 密碼錯誤
2025-12-08 01:24:08 [decrypt] WARNING: yudou66 0055 got 密碼錯誤
2025-12-08 01:24:08 [decrypt] WARNING: yudou66 0066 got 密碼錯誤
2025-12-08 01:24:08 [decrypt] WARNING: yudou66 0077 got 密碼錯誤
2025-12-08 01:24:09 [decrypt] WARNING: yudou66 0088 got 密碼錯誤
2025-12-08 01:24:09 [decrypt] WARNING: yudou66 0099 got 密碼錯誤
2025-12-08 01:24:10 [decrypt] WARNING: yudou66 1100 got 密碼錯誤
2025-12-08 01:24:10 [decrypt] WARNING: yudou66 1111 got 密碼錯誤
2025-12-08 01:24:10 [decrypt] WARNING: yudou66 1122 got 密碼錯誤
2025-12-08 01:24:11 [decrypt] WARNING: yudou66 1133 got 密碼錯誤
2025-12-08 01:24:11 [decrypt] WARNING: yudou66 1144 got 密碼錯誤
2025-12-08 01:24:12 [decrypt] WARNING: yudou66 1155 got 密碼錯誤
2025-12-08 01:24:12 [decrypt] WARNING: yudou66 1166 got 密碼錯誤
2025-12-08 01:24:12 [decrypt] WARNING: yudou66 1177 got 密碼錯誤
2025-12-08 01:24:13 [decrypt] WARNING: yudou66 1188 got 密碼錯誤
2025-12-08 01:24:13 [decrypt] WARNING: yudou66 1199 got 密碼錯誤
2025-12-08 01:24:14 [decrypt] WARNING: yudou66 2200 got 密碼錯誤
2025-12-08 01:24:14 [decrypt] WARNING: yudou66 2211 got 密碼錯誤
2025-12-08 01:24:14 [decrypt] WARNING: yudou66 2222 got 密碼錯誤
2025-12-08 01:24:15 [decrypt] WARNING: yudou66 2233 got 密碼錯誤
2025-12-08 01:24:15 [decrypt] WARNING: yudou66 2244 got 密碼錯誤
2025-12-08 01:24:16 [decrypt] WARNING: yudou66 2255 got 密碼錯誤
2025-12-08 01:24:16 [decrypt] WARNING: yudou66 2266 got 密碼錯誤
2025-12-08 01:24:16 [decrypt] WARNING: yudou66 2277 got 密碼錯誤
2025-12-08 01:24:17 [decrypt] WARNING: yudou66 2288 got 密碼錯誤
2025-12-08 01:24:17 [decrypt] WARNING: yudou66 2299 got 密碼錯誤
2025-12-08 01:24:18 [decrypt] WARNING: yudou66 3300 got 密碼錯誤
2025-12-08 01:24:18 [decrypt] WARNING: yudou66 3311 got 密碼錯誤
2025-12-08 01:24:19 [decrypt] WARNING: yudou66 3322 got 密碼錯誤
2025-12-08 01:24:19 [decrypt] WARNING: yudou66 3333 got 密碼錯誤
2025-12-08 01:24:19 [decrypt] WARNING: yudou66 3344 got 密碼錯誤
2025-12-08 01:24:20 [decrypt] WARNING: yudou66 3355 got 密碼錯誤
2025-12-08 01:24:20 [decrypt] WARNING: yudou66 3366 got 密碼錯誤
2025-12-08 01:24:21 [decrypt] WARNING: yudou66 3377 got 密碼錯誤
2025-12-08 01:24:21 [decrypt] WARNING: yudou66 3388 got 密碼錯誤
2025-12-08 01:24:21 [decrypt] WARNING: yudou66 3399 got 密碼錯誤
2025-12-08 01:24:22 [decrypt] WARNING: yudou66 4400 got 密碼錯誤
2025-12-08 01:24:22 [decrypt] WARNING: yudou66 4411 got 密碼錯誤
2025-12-08 01:24:23 [decrypt] WARNING: yudou66 4422 got 密碼錯誤
2025-12-08 01:24:23 [decrypt] WARNING: yudou66 4433 got 密碼錯誤
2025-12-08 01:24:23 [decrypt] WARNING: yudou66 4444 got 密碼錯誤
2025-12-08 01:24:24 [decrypt] WARNING: yudou66 4455 got 密碼錯誤
2025-12-08 01:24:24 [decrypt] WARNING: yudou66 4466 got 密碼錯誤
2025-12-08 01:24:25 [decrypt] WARNING: yudou66 4477 got 密碼錯誤
2025-12-08 01:24:25 [decrypt] WARNING: yudou66 4488 got 密碼錯誤
2025-12-08 01:24:26 [decrypt] WARNING: yudou66 4499 got 密碼錯誤
2025-12-08 01:24:26 [decrypt] WARNING: yudou66 5500 got 密碼錯誤
2025-12-08 01:26:26 [scrapy.core.scraper] ERROR: Spider error processing <GET http://www.yudou6677.top/2025/12/202512061581080p4kv2rayclashsing.html> (referer: None)
Traceback (most recent call last):
  File "/opt/hostedtoolcache/Python/3.12.12/x64/lib/python3.12/site-packages/urllib3/connectionpool.py", line 534, in _make_request
    response = conn.getresponse()
               ^^^^^^^^^^^^^^^^^^
  File "/opt/hostedtoolcache/Python/3.12.12/x64/lib/python3.12/site-packages/urllib3/connection.py", line 571, in getresponse
    httplib_response = super().getresponse()
                       ^^^^^^^^^^^^^^^^^^^^^
  File "/opt/hostedtoolcache/Python/3.12.12/x64/lib/python3.12/http/client.py", line 1430, in getresponse
    response.begin()
  File "/opt/hostedtoolcache/Python/3.12.12/x64/lib/python3.12/http/client.py", line 331, in begin
    version, status, reason = self._read_status()
                              ^^^^^^^^^^^^^^^^^^^
  File "/opt/hostedtoolcache/Python/3.12.12/x64/lib/python3.12/http/client.py", line 292, in _read_status
    line = str(self.fp.readline(_MAXLINE + 1), "iso-8859-1")
               ^^^^^^^^^^^^^^^^^^^^^^^^^^^^^^
  File "/opt/hostedtoolcache/Python/3.12.12/x64/lib/python3.12/socket.py", line 720, in readinto
    return self._sock.recv_into(b)
           ^^^^^^^^^^^^^^^^^^^^^^^
TimeoutError: timed out

The above exception was the direct cause of the following exception:

Traceback (most recent call last):
  File "/opt/hostedtoolcache/Python/3.12.12/x64/lib/python3.12/site-packages/scrapy/utils/defer.py", line 343, in iter_errback
    yield next(it)
          ^^^^^^^^
  File "/opt/hostedtoolcache/Python/3.12.12/x64/lib/python3.12/site-packages/scrapy/utils/python.py", line 369, in __next__
    return next(self.data)
           ^^^^^^^^^^^^^^^
  File "/opt/hostedtoolcache/Python/3.12.12/x64/lib/python3.12/site-packages/scrapy/utils/python.py", line 369, in __next__
    return next(self.data)
           ^^^^^^^^^^^^^^^
  File "/opt/hostedtoolcache/Python/3.12.12/x64/lib/python3.12/site-packages/scrapy/core/spidermw.py", line 167, in process_sync
    yield from iterable
  File "/opt/hostedtoolcache/Python/3.12.12/x64/lib/python3.12/site-packages/scrapy/spidermiddlewares/base.py", line 58, in process_spider_output
    for o in result:
             ^^^^^^
  File "/opt/hostedtoolcache/Python/3.12.12/x64/lib/python3.12/site-packages/scrapy/core/spidermw.py", line 167, in process_sync
    yield from iterable
  File "/opt/hostedtoolcache/Python/3.12.12/x64/lib/python3.12/site-packages/scrapy/spidermiddlewares/base.py", line 58, in process_spider_output
    for o in result:
             ^^^^^^
  File "/opt/hostedtoolcache/Python/3.12.12/x64/lib/python3.12/site-packages/scrapy/core/spidermw.py", line 167, in process_sync
    yield from iterable
  File "/opt/hostedtoolcache/Python/3.12.12/x64/lib/python3.12/site-packages/scrapy/spidermiddlewares/base.py", line 58, in process_spider_output
    for o in result:
             ^^^^^^
  File "/opt/hostedtoolcache/Python/3.12.12/x64/lib/python3.12/site-packages/scrapy/core/spidermw.py", line 167, in process_sync
    yield from iterable
  File "/opt/hostedtoolcache/Python/3.12.12/x64/lib/python3.12/site-packages/scrapy/spidermiddlewares/depth.py", line 59, in process_spider_output
    yield from super().process_spider_output(response, result, spider)
  File "/opt/hostedtoolcache/Python/3.12.12/x64/lib/python3.12/site-packages/scrapy/spidermiddlewares/base.py", line 58, in process_spider_output
    for o in result:
             ^^^^^^
  File "/opt/hostedtoolcache/Python/3.12.12/x64/lib/python3.12/site-packages/scrapy/core/spidermw.py", line 167, in process_sync
    yield from iterable
  File "/home/runner/work/fn/fn/NodeScrapy/spiders/DecryptSpider.py", line 97, in parse_blog
    ok, msg = self._decrypt(response.url, method, pwd)
              ^^^^^^^^^^^^^^^^^^^^^^^^^^^^^^^^^^^^^^^^
  File "/home/runner/work/fn/fn/NodeScrapy/spiders/DecryptSpider.py", line 46, in _decrypt
    self.driver.get(url)
  File "/opt/hostedtoolcache/Python/3.12.12/x64/lib/python3.12/site-packages/selenium/webdriver/remote/webdriver.py", line 452, in get
    self.execute(Command.GET, {"url": url})
  File "/opt/hostedtoolcache/Python/3.12.12/x64/lib/python3.12/site-packages/selenium/webdriver/remote/webdriver.py", line 429, in execute
    response = cast(RemoteConnection, self.command_executor).execute(driver_command, params)
               ^^^^^^^^^^^^^^^^^^^^^^^^^^^^^^^^^^^^^^^^^^^^^^^^^^^^^^^^^^^^^^^^^^^^^^^^^^^^^
  File "/opt/hostedtoolcache/Python/3.12.12/x64/lib/python3.12/site-packages/selenium/webdriver/remote/remote_connection.py", line 405, in execute
    return self._request(command_info[0], url, body=data)
           ^^^^^^^^^^^^^^^^^^^^^^^^^^^^^^^^^^^^^^^^^^^^^^
  File "/opt/hostedtoolcache/Python/3.12.12/x64/lib/python3.12/site-packages/selenium/webdriver/remote/remote_connection.py", line 429, in _request
    response = self._conn.request(method, url, body=body, headers=headers, timeout=self._client_config.timeout)
               ^^^^^^^^^^^^^^^^^^^^^^^^^^^^^^^^^^^^^^^^^^^^^^^^^^^^^^^^^^^^^^^^^^^^^^^^^^^^^^^^^^^^^^^^^^^^^^^^
  File "/opt/hostedtoolcache/Python/3.12.12/x64/lib/python3.12/site-packages/urllib3/_request_methods.py", line 143, in request
    return self.request_encode_body(
           ^^^^^^^^^^^^^^^^^^^^^^^^^
  File "/opt/hostedtoolcache/Python/3.12.12/x64/lib/python3.12/site-packages/urllib3/_request_methods.py", line 278, in request_encode_body
    return self.urlopen(method, url, **extra_kw)
           ^^^^^^^^^^^^^^^^^^^^^^^^^^^^^^^^^^^^^
  File "/opt/hostedtoolcache/Python/3.12.12/x64/lib/python3.12/site-packages/urllib3/poolmanager.py", line 457, in urlopen
    response = conn.urlopen(method, u.request_uri, **kw)
               ^^^^^^^^^^^^^^^^^^^^^^^^^^^^^^^^^^^^^^^^^
  File "/opt/hostedtoolcache/Python/3.12.12/x64/lib/python3.12/site-packages/urllib3/connectionpool.py", line 841, in urlopen
    retries = retries.increment(
              ^^^^^^^^^^^^^^^^^^
  File "/opt/hostedtoolcache/Python/3.12.12/x64/lib/python3.12/site-packages/urllib3/util/retry.py", line 474, in increment
    raise reraise(type(error), error, _stacktrace)
          ^^^^^^^^^^^^^^^^^^^^^^^^^^^^^^^^^^^^^^^^
  File "/opt/hostedtoolcache/Python/3.12.12/x64/lib/python3.12/site-packages/urllib3/util/util.py", line 39, in reraise
    raise value
  File "/opt/hostedtoolcache/Python/3.12.12/x64/lib/python3.12/site-packages/urllib3/connectionpool.py", line 787, in urlopen
    response = self._make_request(
               ^^^^^^^^^^^^^^^^^^^
  File "/opt/hostedtoolcache/Python/3.12.12/x64/lib/python3.12/site-packages/urllib3/connectionpool.py", line 536, in _make_request
    self._raise_timeout(err=e, url=url, timeout_value=read_timeout)
  File "/opt/hostedtoolcache/Python/3.12.12/x64/lib/python3.12/site-packages/urllib3/connectionpool.py", line 367, in _raise_timeout
    raise ReadTimeoutError(
urllib3.exceptions.ReadTimeoutError: HTTPConnectionPool(host='localhost', port=37999): Read timed out. (read timeout=120)
2025-12-08 01:26:26 [scrapy.extensions.logstats] INFO: Crawled 8 pages (at 2 pages/min), scraped 0 items (at 0 items/min)
2025-12-08 01:26:26 [decrypt] INFO: yudou66 found https://yy.yudou66.top/202512/20251205bs3ase.txt
2025-12-08 01:28:26 [scrapy.core.scraper] ERROR: Spider error processing <GET http://www.yudou6677.top/2025/12/20251207941080p4kv2rayclashsing.html?m=1> (referer: None)
Traceback (most recent call last):
  File "/opt/hostedtoolcache/Python/3.12.12/x64/lib/python3.12/site-packages/urllib3/connectionpool.py", line 534, in _make_request
    response = conn.getresponse()
               ^^^^^^^^^^^^^^^^^^
  File "/opt/hostedtoolcache/Python/3.12.12/x64/lib/python3.12/site-packages/urllib3/connection.py", line 571, in getresponse
    httplib_response = super().getresponse()
                       ^^^^^^^^^^^^^^^^^^^^^
  File "/opt/hostedtoolcache/Python/3.12.12/x64/lib/python3.12/http/client.py", line 1430, in getresponse
    response.begin()
  File "/opt/hostedtoolcache/Python/3.12.12/x64/lib/python3.12/http/client.py", line 331, in begin
    version, status, reason = self._read_status()
                              ^^^^^^^^^^^^^^^^^^^
  File "/opt/hostedtoolcache/Python/3.12.12/x64/lib/python3.12/http/client.py", line 292, in _read_status
    line = str(self.fp.readline(_MAXLINE + 1), "iso-8859-1")
               ^^^^^^^^^^^^^^^^^^^^^^^^^^^^^^
  File "/opt/hostedtoolcache/Python/3.12.12/x64/lib/python3.12/socket.py", line 720, in readinto
    return self._sock.recv_into(b)
           ^^^^^^^^^^^^^^^^^^^^^^^
TimeoutError: timed out

The above exception was the direct cause of the following exception:

Traceback (most recent call last):
  File "/opt/hostedtoolcache/Python/3.12.12/x64/lib/python3.12/site-packages/scrapy/utils/defer.py", line 343, in iter_errback
    yield next(it)
          ^^^^^^^^
  File "/opt/hostedtoolcache/Python/3.12.12/x64/lib/python3.12/site-packages/scrapy/utils/python.py", line 369, in __next__
    return next(self.data)
           ^^^^^^^^^^^^^^^
  File "/opt/hostedtoolcache/Python/3.12.12/x64/lib/python3.12/site-packages/scrapy/utils/python.py", line 369, in __next__
    return next(self.data)
           ^^^^^^^^^^^^^^^
  File "/opt/hostedtoolcache/Python/3.12.12/x64/lib/python3.12/site-packages/scrapy/core/spidermw.py", line 167, in process_sync
    yield from iterable
  File "/opt/hostedtoolcache/Python/3.12.12/x64/lib/python3.12/site-packages/scrapy/spidermiddlewares/base.py", line 58, in process_spider_output
    for o in result:
             ^^^^^^
  File "/opt/hostedtoolcache/Python/3.12.12/x64/lib/python3.12/site-packages/scrapy/core/spidermw.py", line 167, in process_sync
    yield from iterable
  File "/opt/hostedtoolcache/Python/3.12.12/x64/lib/python3.12/site-packages/scrapy/spidermiddlewares/base.py", line 58, in process_spider_output
    for o in result:
             ^^^^^^
  File "/opt/hostedtoolcache/Python/3.12.12/x64/lib/python3.12/site-packages/scrapy/core/spidermw.py", line 167, in process_sync
    yield from iterable
  File "/opt/hostedtoolcache/Python/3.12.12/x64/lib/python3.12/site-packages/scrapy/spidermiddlewares/base.py", line 58, in process_spider_output
    for o in result:
             ^^^^^^
  File "/opt/hostedtoolcache/Python/3.12.12/x64/lib/python3.12/site-packages/scrapy/core/spidermw.py", line 167, in process_sync
    yield from iterable
  File "/opt/hostedtoolcache/Python/3.12.12/x64/lib/python3.12/site-packages/scrapy/spidermiddlewares/depth.py", line 59, in process_spider_output
    yield from super().process_spider_output(response, result, spider)
  File "/opt/hostedtoolcache/Python/3.12.12/x64/lib/python3.12/site-packages/scrapy/spidermiddlewares/base.py", line 58, in process_spider_output
    for o in result:
             ^^^^^^
  File "/opt/hostedtoolcache/Python/3.12.12/x64/lib/python3.12/site-packages/scrapy/core/spidermw.py", line 167, in process_sync
    yield from iterable
  File "/home/runner/work/fn/fn/NodeScrapy/spiders/DecryptSpider.py", line 97, in parse_blog
    ok, msg = self._decrypt(response.url, method, pwd)
              ^^^^^^^^^^^^^^^^^^^^^^^^^^^^^^^^^^^^^^^^
  File "/home/runner/work/fn/fn/NodeScrapy/spiders/DecryptSpider.py", line 46, in _decrypt
    self.driver.get(url)
  File "/opt/hostedtoolcache/Python/3.12.12/x64/lib/python3.12/site-packages/selenium/webdriver/remote/webdriver.py", line 452, in get
    self.execute(Command.GET, {"url": url})
  File "/opt/hostedtoolcache/Python/3.12.12/x64/lib/python3.12/site-packages/selenium/webdriver/remote/webdriver.py", line 429, in execute
    response = cast(RemoteConnection, self.command_executor).execute(driver_command, params)
               ^^^^^^^^^^^^^^^^^^^^^^^^^^^^^^^^^^^^^^^^^^^^^^^^^^^^^^^^^^^^^^^^^^^^^^^^^^^^^
  File "/opt/hostedtoolcache/Python/3.12.12/x64/lib/python3.12/site-packages/selenium/webdriver/remote/remote_connection.py", line 405, in execute
    return self._request(command_info[0], url, body=data)
           ^^^^^^^^^^^^^^^^^^^^^^^^^^^^^^^^^^^^^^^^^^^^^^
  File "/opt/hostedtoolcache/Python/3.12.12/x64/lib/python3.12/site-packages/selenium/webdriver/remote/remote_connection.py", line 429, in _request
    response = self._conn.request(method, url, body=body, headers=headers, timeout=self._client_config.timeout)
               ^^^^^^^^^^^^^^^^^^^^^^^^^^^^^^^^^^^^^^^^^^^^^^^^^^^^^^^^^^^^^^^^^^^^^^^^^^^^^^^^^^^^^^^^^^^^^^^^
  File "/opt/hostedtoolcache/Python/3.12.12/x64/lib/python3.12/site-packages/urllib3/_request_methods.py", line 143, in request
    return self.request_encode_body(
           ^^^^^^^^^^^^^^^^^^^^^^^^^
  File "/opt/hostedtoolcache/Python/3.12.12/x64/lib/python3.12/site-packages/urllib3/_request_methods.py", line 278, in request_encode_body
    return self.urlopen(method, url, **extra_kw)
           ^^^^^^^^^^^^^^^^^^^^^^^^^^^^^^^^^^^^^
  File "/opt/hostedtoolcache/Python/3.12.12/x64/lib/python3.12/site-packages/urllib3/poolmanager.py", line 457, in urlopen
    response = conn.urlopen(method, u.request_uri, **kw)
               ^^^^^^^^^^^^^^^^^^^^^^^^^^^^^^^^^^^^^^^^^
  File "/opt/hostedtoolcache/Python/3.12.12/x64/lib/python3.12/site-packages/urllib3/connectionpool.py", line 841, in urlopen
    retries = retries.increment(
              ^^^^^^^^^^^^^^^^^^
  File "/opt/hostedtoolcache/Python/3.12.12/x64/lib/python3.12/site-packages/urllib3/util/retry.py", line 474, in increment
    raise reraise(type(error), error, _stacktrace)
          ^^^^^^^^^^^^^^^^^^^^^^^^^^^^^^^^^^^^^^^^
  File "/opt/hostedtoolcache/Python/3.12.12/x64/lib/python3.12/site-packages/urllib3/util/util.py", line 39, in reraise
    raise value
  File "/opt/hostedtoolcache/Python/3.12.12/x64/lib/python3.12/site-packages/urllib3/connectionpool.py", line 787, in urlopen
    response = self._make_request(
               ^^^^^^^^^^^^^^^^^^^
  File "/opt/hostedtoolcache/Python/3.12.12/x64/lib/python3.12/site-packages/urllib3/connectionpool.py", line 536, in _make_request
    self._raise_timeout(err=e, url=url, timeout_value=read_timeout)
  File "/opt/hostedtoolcache/Python/3.12.12/x64/lib/python3.12/site-packages/urllib3/connectionpool.py", line 367, in _raise_timeout
    raise ReadTimeoutError(
urllib3.exceptions.ReadTimeoutError: HTTPConnectionPool(host='localhost', port=37999): Read timed out. (read timeout=120)
2025-12-08 01:28:26 [scrapy.extensions.logstats] INFO: Crawled 8 pages (at 0 pages/min), scraped 0 items (at 0 items/min)
2025-12-08 01:28:27 [scrapy.spidermiddlewares.httperror] INFO: Ignoring response <403 https://1df.69ztn.icu/mian.html>: HTTP status code is not handled or not allowed
2025-12-08 01:28:27 [scrapy.core.engine] INFO: Closing spider (finished)
2025-12-08 01:30:27 [urllib3.connectionpool] WARNING: Retrying (Retry(total=2, connect=None, read=None, redirect=None, status=None)) after connection broken by 'ReadTimeoutError("HTTPConnectionPool(host='localhost', port=37999): Read timed out. (read timeout=120)")': /session/16265840673bf6425a4b029cda4d51af
2025-12-08 01:32:28 [urllib3.connectionpool] WARNING: Retrying (Retry(total=1, connect=None, read=None, redirect=None, status=None)) after connection broken by 'ReadTimeoutError("HTTPConnectionPool(host='localhost', port=37999): Read timed out. (read timeout=120)")': /session/16265840673bf6425a4b029cda4d51af
2025-12-08 01:34:28 [urllib3.connectionpool] WARNING: Retrying (Retry(total=0, connect=None, read=None, redirect=None, status=None)) after connection broken by 'ReadTimeoutError("HTTPConnectionPool(host='localhost', port=37999): Read timed out. (read timeout=120)")': /session/16265840673bf6425a4b029cda4d51af
2025-12-08 01:34:31 [scrapy.statscollectors] INFO: Dumping Scrapy stats:
{'downloader/request_bytes': 5987,
 'downloader/request_count': 16,
 'downloader/request_method_count/GET': 16,
 'downloader/response_bytes': 329959,
 'downloader/response_count': 16,
 'downloader/response_status_count/200': 8,
 'downloader/response_status_count/302': 7,
 'downloader/response_status_count/403': 1,
 'elapsed_time_seconds': 689.512543,
 'finish_reason': 'finished',
 'finish_time': datetime.datetime(2025, 12, 8, 1, 34, 31, 122812, tzinfo=datetime.timezone.utc),
 'httpcompression/response_bytes': 1681564,
 'httpcompression/response_count': 9,
 'httperror/response_ignored_count': 1,
 'httperror/response_ignored_status_count/403': 1,
 'items_per_minute': 0.0,
 'log_count/ERROR': 2,
 'log_count/INFO': 31,
 'log_count/WARNING': 102,
 'memusage/max': 190423040,
 'memusage/startup': 181407744,
 'request_depth_max': 2,
 'response_received_count': 9,
 'responses_per_minute': 0.783744557329463,
 'scheduler/dequeued': 16,
 'scheduler/dequeued/memory': 16,
 'scheduler/enqueued': 16,
 'scheduler/enqueued/memory': 16,
 'spider_exceptions/ReadTimeoutError': 2,
 'spider_exceptions/count': 2,
 'start_time': datetime.datetime(2025, 12, 8, 1, 23, 1, 610269, tzinfo=datetime.timezone.utc)}
2025-12-08 01:34:31 [scrapy.core.engine] INFO: Spider closed (finished)
