2025-12-08 04:32:22 [scrapy.middleware] INFO: Enabled downloader middlewares:
['scrapy.downloadermiddlewares.offsite.OffsiteMiddleware',
 'scrapy.downloadermiddlewares.httpauth.HttpAuthMiddleware',
 'scrapy.downloadermiddlewares.downloadtimeout.DownloadTimeoutMiddleware',
 'scrapy.downloadermiddlewares.defaultheaders.DefaultHeadersMiddleware',
 'NodeScrapy.middlewares.RandomUserAgentMiddleware',
 'scrapy.downloadermiddlewares.useragent.UserAgentMiddleware',
 'scrapy.downloadermiddlewares.retry.RetryMiddleware',
 'scrapy.downloadermiddlewares.redirect.MetaRefreshMiddleware',
 'scrapy.downloadermiddlewares.httpcompression.HttpCompressionMiddleware',
 'scrapy.downloadermiddlewares.redirect.RedirectMiddleware',
 'scrapy.downloadermiddlewares.cookies.CookiesMiddleware',
 'scrapy.downloadermiddlewares.httpproxy.HttpProxyMiddleware',
 'scrapy.downloadermiddlewares.stats.DownloaderStats']
2025-12-08 04:32:22 [scrapy.middleware] INFO: Enabled spider middlewares:
['scrapy.spidermiddlewares.start.StartSpiderMiddleware',
 'scrapy.spidermiddlewares.httperror.HttpErrorMiddleware',
 'scrapy.spidermiddlewares.referer.RefererMiddleware',
 'scrapy.spidermiddlewares.urllength.UrlLengthMiddleware',
 'scrapy.spidermiddlewares.depth.DepthMiddleware']
2025-12-08 04:32:22 [scrapy.middleware] INFO: Enabled item pipelines:
['NodeScrapy.pipelines.Pipeline', 'NodeScrapy.pipelines.GeoLocPipeline']
2025-12-08 04:32:22 [scrapy.core.engine] INFO: Spider opened
2025-12-08 04:32:22 [py.warnings] WARNING: /opt/hostedtoolcache/Python/3.12.12/x64/lib/python3.12/site-packages/scrapy/core/spidermw.py:433: ScrapyDeprecationWarning: NodeScrapy.spiders.SimpleSpider.SimpleSpider defines the deprecated start_requests() method. start_requests() has been deprecated in favor of a new method, start(), to support asynchronous code execution. start_requests() will stop being called in a future version of Scrapy. If you use Scrapy 2.13 or higher only, replace start_requests() with start(); note that start() is a coroutine (async def). If you need to maintain compatibility with lower Scrapy versions, when overriding start_requests() in a spider class, override start() as well; you can use super() to reuse the inherited start() implementation without copy-pasting. See the release notes of Scrapy 2.13 for details: https://docs.scrapy.org/en/2.13/news.html
  warn(

2025-12-08 04:32:22 [scrapy.extensions.logstats] INFO: Crawled 0 pages (at 0 pages/min), scraped 0 items (at 0 items/min)
2025-12-08 04:32:22 [scrapy.extensions.telnet] INFO: Telnet console listening on 127.0.0.1:6023
2025-12-08 04:32:22 [simple] INFO: clashmeta start
2025-12-08 04:32:22 [simple] INFO: ndnode start
2025-12-08 04:32:22 [simple] INFO: nodev2ray start
2025-12-08 04:32:22 [simple] INFO: nodefree start
2025-12-08 04:32:22 [simple] INFO: v2rayshare start
2025-12-08 04:32:22 [simple] INFO: wenode start
2025-12-08 04:32:22 [simple] INFO: clashmeta found /free-nodes/2025-12-3-clash-meta-github.htm on 2025-03-01
2025-12-08 04:32:22 [simple] INFO: clashmeta found /free-nodes/2025-12-2-clash-meta-node-github.htm on 2025-03-01
2025-12-08 04:32:22 [simple] INFO: clashmeta found /free-nodes/2025-12-1-latest-clash-meta-node.htm on 2025-03-01
2025-12-08 04:32:22 [simple] INFO: clashmeta found /free-nodes/2025-11-30-free-clash-meta-node.htm on 2025-11-30
2025-12-08 04:32:22 [simple] INFO: clashmeta found /free-nodes/2025-11-30-free-clash-meta-node.htm on 2025-11-30
2025-12-08 04:32:22 [simple] INFO: clashmeta found /free-nodes/2025-11-29-node-share-links.htm on 2025-11-29
2025-12-08 04:32:22 [simple] INFO: clashmeta found /free-nodes/2025-11-29-node-share-links.htm on 2025-11-29
2025-12-08 04:32:22 [simple] INFO: clashmeta found /free-nodes/2025-11-28-clash-meta-windows.htm on 2025-11-28
2025-12-08 04:32:22 [simple] INFO: clashmeta found /free-nodes/2025-11-28-clash-meta-windows.htm on 2025-11-28
2025-12-08 04:32:22 [simple] INFO: clashmeta found /free-nodes/2025-11-26-free-node-subscribe-links.htm on 2025-11-26
2025-12-08 04:32:22 [simple] INFO: clashmeta found /free-nodes/2025-11-26-free-node-subscribe-links.htm on 2025-11-26
2025-12-08 04:32:22 [simple] INFO: clashmeta found /free-nodes/2025-11-23-latest-clash-meta-node.htm on 2025-11-23
2025-12-08 04:32:22 [simple] INFO: clashmeta found /free-nodes/2025-11-23-latest-clash-meta-node.htm on 2025-11-23
2025-12-08 04:32:22 [simple] INFO: clashmeta found /free-nodes/2025-11-22-free-node-subscribe.htm on 2025-11-22
2025-12-08 04:32:22 [simple] INFO: clashmeta found /free-nodes/2025-11-22-free-node-subscribe.htm on 2025-11-22
2025-12-08 04:32:22 [simple] INFO: clashmeta found /free-nodes/2025-11-21-free-high-speed-nodes.htm on 2025-11-21
2025-12-08 04:32:22 [simple] INFO: clashmeta found /free-nodes/2025-11-21-free-high-speed-nodes.htm on 2025-11-21
2025-12-08 04:32:22 [simple] INFO: clashmeta is up to date, exiting
2025-12-08 04:32:22 [simple] INFO: clashmeta needs update, accessing https://clash-meta.github.io/free-nodes/2025-12-3-clash-meta-github.htm
2025-12-08 04:32:22 [simple] INFO: clashmeta is up to date, exiting
2025-12-08 04:32:22 [simple] INFO: v2rayshare found https://v2rayshare.net/p/4128.html on 2025-11-30
2025-12-08 04:32:22 [simple] INFO: v2rayshare found https://v2rayshare.net/p/4129.html on 2025-11-29
2025-12-08 04:32:22 [simple] INFO: v2rayshare found https://v2rayshare.net/p/4130.html on 2025-11-28
2025-12-08 04:32:22 [simple] INFO: v2rayshare is up to date, exiting
2025-12-08 04:32:22 [simple] INFO: v2rayshare is up to date, exiting
2025-12-08 04:32:22 [simple] INFO: v2rayshare is up to date, exiting
2025-12-08 04:32:22 [simple] INFO: nodev2ray found /free-node/2025-11-30-free-node-subscribe-links.htm on 2025-11-30
2025-12-08 04:32:22 [simple] INFO: nodev2ray found /free-node/2025-11-29-free-ssr-node.htm on 2025-11-29
2025-12-08 04:32:22 [simple] INFO: nodev2ray is up to date, exiting
2025-12-08 04:32:22 [simple] INFO: nodev2ray is up to date, exiting
2025-12-08 04:32:22 [simple] INFO: nodev2ray is up to date, exiting
2025-12-08 04:32:22 [simple] INFO: nodefree found https://nodefree.me/p/2714.html on 2025-11-30
2025-12-08 04:32:22 [simple] INFO: nodefree found https://nodefree.me/p/2715.html on 2025-11-29
2025-12-08 04:32:22 [simple] INFO: nodefree is up to date, exiting
2025-12-08 04:32:22 [simple] INFO: nodefree is up to date, exiting
2025-12-08 04:32:22 [simple] INFO: nodefree is up to date, exiting
2025-12-08 04:32:22 [simple] INFO: ndnode found https://www.naidounode.com/n/3411.html on 2025-11-30
2025-12-08 04:32:22 [simple] INFO: ndnode found https://www.naidounode.com/n/3409.html on 2025-11-29
2025-12-08 04:32:22 [simple] INFO: ndnode is up to date, exiting
2025-12-08 04:32:22 [simple] INFO: ndnode is up to date, exiting
2025-12-08 04:32:22 [simple] INFO: ndnode is up to date, exiting
2025-12-08 04:32:23 [simple] INFO: wenode found https://oneclash.cc/a/2324.html on 2025-11-30
2025-12-08 04:32:23 [simple] INFO: wenode found https://oneclash.cc/a/2325.html on 2025-11-29
2025-12-08 04:32:23 [simple] INFO: wenode is up to date, exiting
2025-12-08 04:32:23 [simple] INFO: wenode is up to date, exiting
2025-12-08 04:32:23 [simple] INFO: wenode is up to date, exiting
2025-12-08 04:32:23 [scrapy.core.engine] INFO: Closing spider (finished)
2025-12-08 04:32:23 [scrapy.statscollectors] INFO: Dumping Scrapy stats:
{'downloader/request_bytes': 3337,
 'downloader/request_count': 10,
 'downloader/request_method_count/GET': 10,
 'downloader/response_bytes': 63622,
 'downloader/response_count': 10,
 'downloader/response_status_count/200': 7,
 'downloader/response_status_count/301': 3,
 'elapsed_time_seconds': 0.723956,
 'finish_reason': 'finished',
 'finish_time': datetime.datetime(2025, 12, 8, 4, 32, 23, 53207, tzinfo=datetime.timezone.utc),
 'httpcompression/response_bytes': 308815,
 'httpcompression/response_count': 7,
 'items_per_minute': None,
 'log_count/INFO': 62,
 'log_count/WARNING': 2,
 'memusage/max': 182358016,
 'memusage/startup': 182358016,
 'request_depth_max': 1,
 'response_received_count': 7,
 'responses_per_minute': None,
 'scheduler/dequeued': 10,
 'scheduler/dequeued/memory': 10,
 'scheduler/enqueued': 10,
 'scheduler/enqueued/memory': 10,
 'start_time': datetime.datetime(2025, 12, 8, 4, 32, 22, 329251, tzinfo=datetime.timezone.utc)}
2025-12-08 04:32:23 [scrapy.core.engine] INFO: Spider closed (finished)
2025-12-08 04:32:31 [scrapy.addons] INFO: Enabled addons:
[]
2025-12-08 04:32:31 [py.warnings] WARNING: /opt/hostedtoolcache/Python/3.12.12/x64/lib/python3.12/site-packages/scrapy/utils/request.py:120: ScrapyDeprecationWarning: 'REQUEST_FINGERPRINTER_IMPLEMENTATION' is a deprecated setting.
It will be removed in a future version of Scrapy.
  return cls(crawler)

2025-12-08 04:32:31 [scrapy.extensions.telnet] INFO: Telnet Password: 781c482de3e8a7c2
2025-12-08 04:32:31 [scrapy.middleware] INFO: Enabled extensions:
['scrapy.extensions.corestats.CoreStats',
 'scrapy.extensions.telnet.TelnetConsole',
 'scrapy.extensions.memusage.MemoryUsage',
 'scrapy.extensions.logstats.LogStats']
2025-12-08 04:32:31 [scrapy.crawler] INFO: Overridden settings:
{'BOT_NAME': 'NodeScrapy',
 'FEED_EXPORT_ENCODING': 'utf-8',
 'LOG_FILE': 'scrapy.log',
 'LOG_LEVEL': 'INFO',
 'NEWSPIDER_MODULE': 'NodeScrapy.spiders',
 'REQUEST_FINGERPRINTER_IMPLEMENTATION': '2.7',
 'SPIDER_MODULES': ['NodeScrapy.spiders']}
2025-12-08 04:32:31 [scrapy.middleware] INFO: Enabled downloader middlewares:
['scrapy.downloadermiddlewares.offsite.OffsiteMiddleware',
 'scrapy.downloadermiddlewares.httpauth.HttpAuthMiddleware',
 'scrapy.downloadermiddlewares.downloadtimeout.DownloadTimeoutMiddleware',
 'scrapy.downloadermiddlewares.defaultheaders.DefaultHeadersMiddleware',
 'NodeScrapy.middlewares.RandomUserAgentMiddleware',
 'scrapy.downloadermiddlewares.useragent.UserAgentMiddleware',
 'scrapy.downloadermiddlewares.retry.RetryMiddleware',
 'scrapy.downloadermiddlewares.redirect.MetaRefreshMiddleware',
 'scrapy.downloadermiddlewares.httpcompression.HttpCompressionMiddleware',
 'scrapy.downloadermiddlewares.redirect.RedirectMiddleware',
 'scrapy.downloadermiddlewares.cookies.CookiesMiddleware',
 'scrapy.downloadermiddlewares.httpproxy.HttpProxyMiddleware',
 'scrapy.downloadermiddlewares.stats.DownloaderStats']
2025-12-08 04:32:31 [scrapy.middleware] INFO: Enabled spider middlewares:
['scrapy.spidermiddlewares.start.StartSpiderMiddleware',
 'scrapy.spidermiddlewares.httperror.HttpErrorMiddleware',
 'scrapy.spidermiddlewares.referer.RefererMiddleware',
 'scrapy.spidermiddlewares.urllength.UrlLengthMiddleware',
 'scrapy.spidermiddlewares.depth.DepthMiddleware']
2025-12-08 04:32:31 [scrapy.middleware] INFO: Enabled item pipelines:
['NodeScrapy.pipelines.Pipeline', 'NodeScrapy.pipelines.GeoLocPipeline']
2025-12-08 04:32:31 [scrapy.core.engine] INFO: Spider opened
2025-12-08 04:32:31 [py.warnings] WARNING: /opt/hostedtoolcache/Python/3.12.12/x64/lib/python3.12/site-packages/scrapy/core/spidermw.py:433: ScrapyDeprecationWarning: NodeScrapy.spiders.SimpleSpider.SimpleSpider (inherited by NodeScrapy.spiders.DecryptSpider.DecryptSpider) defines the deprecated start_requests() method. start_requests() has been deprecated in favor of a new method, start(), to support asynchronous code execution. start_requests() will stop being called in a future version of Scrapy. If you use Scrapy 2.13 or higher only, replace start_requests() with start(); note that start() is a coroutine (async def). If you need to maintain compatibility with lower Scrapy versions, when overriding start_requests() in a spider class, override start() as well; you can use super() to reuse the inherited start() implementation without copy-pasting. See the release notes of Scrapy 2.13 for details: https://docs.scrapy.org/en/2.13/news.html
  warn(

2025-12-08 04:32:31 [scrapy.extensions.logstats] INFO: Crawled 0 pages (at 0 pages/min), scraped 0 items (at 0 items/min)
2025-12-08 04:32:31 [scrapy.extensions.telnet] INFO: Telnet console listening on 127.0.0.1:6023
2025-12-08 04:32:31 [decrypt] INFO: yudou66 start
2025-12-08 04:32:31 [decrypt] INFO: blues start
2025-12-08 04:32:31 [decrypt] INFO: blues found https://blues2022.blogspot.com/2025/11/202511304kchatgpt4k8kclashv2ray.html on 2025-11-30
2025-12-08 04:32:31 [decrypt] INFO: blues found https://blues2022.blogspot.com/2025/11/202511294kchatgpt4k8kclashv2ray.html on 2025-11-29
2025-12-08 04:32:31 [decrypt] INFO: blues found https://blues2022.blogspot.com/2025/11/202511284kchatgpt4k8kclashv2ray.html on 2025-11-28
2025-12-08 04:32:31 [decrypt] INFO: blues needs update, accessing https://blues2022.blogspot.com/2025/12/20251274kchatgpt4k8kclashv2ray.html
2025-12-08 04:32:31 [decrypt] INFO: blues needs update, accessing https://blues2022.blogspot.com/2025/12/20251264kchatgpt4k8kclashv2ray.html
2025-12-08 04:32:31 [decrypt] INFO: blues needs update, accessing https://blues2022.blogspot.com/2025/12/20251254kchatgpt4k8kclashv2ray.html
2025-12-08 04:32:31 [decrypt] INFO: yudou66 found http://www.yudou6677.top/2025/11/202511301361080p4kv2rayclashsing.html on 2025-11-30
2025-12-08 04:32:31 [decrypt] INFO: yudou66 needs update, accessing http://www.yudou6677.top/2025/12/202512081001080p4kv2rayclashsing.html
2025-12-08 04:32:31 [decrypt] INFO: yudou66 needs update, accessing http://www.yudou6677.top/2025/12/20251207941080p4kv2rayclashsing.html
2025-12-08 04:32:31 [decrypt] INFO: yudou66 needs update, accessing http://www.yudou6677.top/2025/12/202512061581080p4kv2rayclashsing.html
2025-12-08 04:32:33 [decrypt] WARNING: yudou66 6677 got 密碼錯誤
2025-12-08 04:32:33 [decrypt] WARNING: yudou66 0000 got 密碼錯誤
2025-12-08 04:32:34 [decrypt] WARNING: yudou66 0011 got 密碼錯誤
2025-12-08 04:34:34 [scrapy.core.scraper] ERROR: Spider error processing <GET http://www.yudou6677.top/2025/12/202512081001080p4kv2rayclashsing.html?m=1> (referer: None)
Traceback (most recent call last):
  File "/opt/hostedtoolcache/Python/3.12.12/x64/lib/python3.12/site-packages/urllib3/connectionpool.py", line 534, in _make_request
    response = conn.getresponse()
               ^^^^^^^^^^^^^^^^^^
  File "/opt/hostedtoolcache/Python/3.12.12/x64/lib/python3.12/site-packages/urllib3/connection.py", line 571, in getresponse
    httplib_response = super().getresponse()
                       ^^^^^^^^^^^^^^^^^^^^^
  File "/opt/hostedtoolcache/Python/3.12.12/x64/lib/python3.12/http/client.py", line 1430, in getresponse
    response.begin()
  File "/opt/hostedtoolcache/Python/3.12.12/x64/lib/python3.12/http/client.py", line 331, in begin
    version, status, reason = self._read_status()
                              ^^^^^^^^^^^^^^^^^^^
  File "/opt/hostedtoolcache/Python/3.12.12/x64/lib/python3.12/http/client.py", line 292, in _read_status
    line = str(self.fp.readline(_MAXLINE + 1), "iso-8859-1")
               ^^^^^^^^^^^^^^^^^^^^^^^^^^^^^^
  File "/opt/hostedtoolcache/Python/3.12.12/x64/lib/python3.12/socket.py", line 720, in readinto
    return self._sock.recv_into(b)
           ^^^^^^^^^^^^^^^^^^^^^^^
TimeoutError: timed out

The above exception was the direct cause of the following exception:

Traceback (most recent call last):
  File "/opt/hostedtoolcache/Python/3.12.12/x64/lib/python3.12/site-packages/scrapy/utils/defer.py", line 343, in iter_errback
    yield next(it)
          ^^^^^^^^
  File "/opt/hostedtoolcache/Python/3.12.12/x64/lib/python3.12/site-packages/scrapy/utils/python.py", line 369, in __next__
    return next(self.data)
           ^^^^^^^^^^^^^^^
  File "/opt/hostedtoolcache/Python/3.12.12/x64/lib/python3.12/site-packages/scrapy/utils/python.py", line 369, in __next__
    return next(self.data)
           ^^^^^^^^^^^^^^^
  File "/opt/hostedtoolcache/Python/3.12.12/x64/lib/python3.12/site-packages/scrapy/core/spidermw.py", line 167, in process_sync
    yield from iterable
  File "/opt/hostedtoolcache/Python/3.12.12/x64/lib/python3.12/site-packages/scrapy/spidermiddlewares/base.py", line 58, in process_spider_output
    for o in result:
             ^^^^^^
  File "/opt/hostedtoolcache/Python/3.12.12/x64/lib/python3.12/site-packages/scrapy/core/spidermw.py", line 167, in process_sync
    yield from iterable
  File "/opt/hostedtoolcache/Python/3.12.12/x64/lib/python3.12/site-packages/scrapy/spidermiddlewares/base.py", line 58, in process_spider_output
    for o in result:
             ^^^^^^
  File "/opt/hostedtoolcache/Python/3.12.12/x64/lib/python3.12/site-packages/scrapy/core/spidermw.py", line 167, in process_sync
    yield from iterable
  File "/opt/hostedtoolcache/Python/3.12.12/x64/lib/python3.12/site-packages/scrapy/spidermiddlewares/base.py", line 58, in process_spider_output
    for o in result:
             ^^^^^^
  File "/opt/hostedtoolcache/Python/3.12.12/x64/lib/python3.12/site-packages/scrapy/core/spidermw.py", line 167, in process_sync
    yield from iterable
  File "/opt/hostedtoolcache/Python/3.12.12/x64/lib/python3.12/site-packages/scrapy/spidermiddlewares/depth.py", line 59, in process_spider_output
    yield from super().process_spider_output(response, result, spider)
  File "/opt/hostedtoolcache/Python/3.12.12/x64/lib/python3.12/site-packages/scrapy/spidermiddlewares/base.py", line 58, in process_spider_output
    for o in result:
             ^^^^^^
  File "/opt/hostedtoolcache/Python/3.12.12/x64/lib/python3.12/site-packages/scrapy/core/spidermw.py", line 167, in process_sync
    yield from iterable
  File "/home/runner/work/fn/fn/NodeScrapy/spiders/DecryptSpider.py", line 97, in parse_blog
    ok, msg = self._decrypt(response.url, method, pwd)
              ^^^^^^^^^^^^^^^^^^^^^^^^^^^^^^^^^^^^^^^^
  File "/home/runner/work/fn/fn/NodeScrapy/spiders/DecryptSpider.py", line 46, in _decrypt
    self.driver.get(url)
  File "/opt/hostedtoolcache/Python/3.12.12/x64/lib/python3.12/site-packages/selenium/webdriver/remote/webdriver.py", line 452, in get
    self.execute(Command.GET, {"url": url})
  File "/opt/hostedtoolcache/Python/3.12.12/x64/lib/python3.12/site-packages/selenium/webdriver/remote/webdriver.py", line 429, in execute
    response = cast(RemoteConnection, self.command_executor).execute(driver_command, params)
               ^^^^^^^^^^^^^^^^^^^^^^^^^^^^^^^^^^^^^^^^^^^^^^^^^^^^^^^^^^^^^^^^^^^^^^^^^^^^^
  File "/opt/hostedtoolcache/Python/3.12.12/x64/lib/python3.12/site-packages/selenium/webdriver/remote/remote_connection.py", line 405, in execute
    return self._request(command_info[0], url, body=data)
           ^^^^^^^^^^^^^^^^^^^^^^^^^^^^^^^^^^^^^^^^^^^^^^
  File "/opt/hostedtoolcache/Python/3.12.12/x64/lib/python3.12/site-packages/selenium/webdriver/remote/remote_connection.py", line 429, in _request
    response = self._conn.request(method, url, body=body, headers=headers, timeout=self._client_config.timeout)
               ^^^^^^^^^^^^^^^^^^^^^^^^^^^^^^^^^^^^^^^^^^^^^^^^^^^^^^^^^^^^^^^^^^^^^^^^^^^^^^^^^^^^^^^^^^^^^^^^
  File "/opt/hostedtoolcache/Python/3.12.12/x64/lib/python3.12/site-packages/urllib3/_request_methods.py", line 143, in request
    return self.request_encode_body(
           ^^^^^^^^^^^^^^^^^^^^^^^^^
  File "/opt/hostedtoolcache/Python/3.12.12/x64/lib/python3.12/site-packages/urllib3/_request_methods.py", line 278, in request_encode_body
    return self.urlopen(method, url, **extra_kw)
           ^^^^^^^^^^^^^^^^^^^^^^^^^^^^^^^^^^^^^
  File "/opt/hostedtoolcache/Python/3.12.12/x64/lib/python3.12/site-packages/urllib3/poolmanager.py", line 457, in urlopen
    response = conn.urlopen(method, u.request_uri, **kw)
               ^^^^^^^^^^^^^^^^^^^^^^^^^^^^^^^^^^^^^^^^^
  File "/opt/hostedtoolcache/Python/3.12.12/x64/lib/python3.12/site-packages/urllib3/connectionpool.py", line 841, in urlopen
    retries = retries.increment(
              ^^^^^^^^^^^^^^^^^^
  File "/opt/hostedtoolcache/Python/3.12.12/x64/lib/python3.12/site-packages/urllib3/util/retry.py", line 474, in increment
    raise reraise(type(error), error, _stacktrace)
          ^^^^^^^^^^^^^^^^^^^^^^^^^^^^^^^^^^^^^^^^
  File "/opt/hostedtoolcache/Python/3.12.12/x64/lib/python3.12/site-packages/urllib3/util/util.py", line 39, in reraise
    raise value
  File "/opt/hostedtoolcache/Python/3.12.12/x64/lib/python3.12/site-packages/urllib3/connectionpool.py", line 787, in urlopen
    response = self._make_request(
               ^^^^^^^^^^^^^^^^^^^
  File "/opt/hostedtoolcache/Python/3.12.12/x64/lib/python3.12/site-packages/urllib3/connectionpool.py", line 536, in _make_request
    self._raise_timeout(err=e, url=url, timeout_value=read_timeout)
  File "/opt/hostedtoolcache/Python/3.12.12/x64/lib/python3.12/site-packages/urllib3/connectionpool.py", line 367, in _raise_timeout
    raise ReadTimeoutError(
urllib3.exceptions.ReadTimeoutError: HTTPConnectionPool(host='localhost', port=43297): Read timed out. (read timeout=120)
2025-12-08 04:34:34 [scrapy.extensions.logstats] INFO: Crawled 8 pages (at 8 pages/min), scraped 0 items (at 0 items/min)
2025-12-08 04:34:34 [decrypt] INFO: yudou66 found https://yy.yudou66.top/202512/20251206br3ase.txt
2025-12-08 04:36:34 [scrapy.core.scraper] ERROR: Spider error processing <GET https://blues2022.blogspot.com/2025/12/20251254kchatgpt4k8kclashv2ray.html> (referer: https://blues2022.blogspot.com/?m=1)
Traceback (most recent call last):
  File "/opt/hostedtoolcache/Python/3.12.12/x64/lib/python3.12/site-packages/urllib3/connectionpool.py", line 534, in _make_request
    response = conn.getresponse()
               ^^^^^^^^^^^^^^^^^^
  File "/opt/hostedtoolcache/Python/3.12.12/x64/lib/python3.12/site-packages/urllib3/connection.py", line 571, in getresponse
    httplib_response = super().getresponse()
                       ^^^^^^^^^^^^^^^^^^^^^
  File "/opt/hostedtoolcache/Python/3.12.12/x64/lib/python3.12/http/client.py", line 1430, in getresponse
    response.begin()
  File "/opt/hostedtoolcache/Python/3.12.12/x64/lib/python3.12/http/client.py", line 331, in begin
    version, status, reason = self._read_status()
                              ^^^^^^^^^^^^^^^^^^^
  File "/opt/hostedtoolcache/Python/3.12.12/x64/lib/python3.12/http/client.py", line 292, in _read_status
    line = str(self.fp.readline(_MAXLINE + 1), "iso-8859-1")
               ^^^^^^^^^^^^^^^^^^^^^^^^^^^^^^
  File "/opt/hostedtoolcache/Python/3.12.12/x64/lib/python3.12/socket.py", line 720, in readinto
    return self._sock.recv_into(b)
           ^^^^^^^^^^^^^^^^^^^^^^^
TimeoutError: timed out

The above exception was the direct cause of the following exception:

Traceback (most recent call last):
  File "/opt/hostedtoolcache/Python/3.12.12/x64/lib/python3.12/site-packages/scrapy/utils/defer.py", line 343, in iter_errback
    yield next(it)
          ^^^^^^^^
  File "/opt/hostedtoolcache/Python/3.12.12/x64/lib/python3.12/site-packages/scrapy/utils/python.py", line 369, in __next__
    return next(self.data)
           ^^^^^^^^^^^^^^^
  File "/opt/hostedtoolcache/Python/3.12.12/x64/lib/python3.12/site-packages/scrapy/utils/python.py", line 369, in __next__
    return next(self.data)
           ^^^^^^^^^^^^^^^
  File "/opt/hostedtoolcache/Python/3.12.12/x64/lib/python3.12/site-packages/scrapy/core/spidermw.py", line 167, in process_sync
    yield from iterable
  File "/opt/hostedtoolcache/Python/3.12.12/x64/lib/python3.12/site-packages/scrapy/spidermiddlewares/base.py", line 58, in process_spider_output
    for o in result:
             ^^^^^^
  File "/opt/hostedtoolcache/Python/3.12.12/x64/lib/python3.12/site-packages/scrapy/core/spidermw.py", line 167, in process_sync
    yield from iterable
  File "/opt/hostedtoolcache/Python/3.12.12/x64/lib/python3.12/site-packages/scrapy/spidermiddlewares/base.py", line 58, in process_spider_output
    for o in result:
             ^^^^^^
  File "/opt/hostedtoolcache/Python/3.12.12/x64/lib/python3.12/site-packages/scrapy/core/spidermw.py", line 167, in process_sync
    yield from iterable
  File "/opt/hostedtoolcache/Python/3.12.12/x64/lib/python3.12/site-packages/scrapy/spidermiddlewares/base.py", line 58, in process_spider_output
    for o in result:
             ^^^^^^
  File "/opt/hostedtoolcache/Python/3.12.12/x64/lib/python3.12/site-packages/scrapy/core/spidermw.py", line 167, in process_sync
    yield from iterable
  File "/opt/hostedtoolcache/Python/3.12.12/x64/lib/python3.12/site-packages/scrapy/spidermiddlewares/depth.py", line 59, in process_spider_output
    yield from super().process_spider_output(response, result, spider)
  File "/opt/hostedtoolcache/Python/3.12.12/x64/lib/python3.12/site-packages/scrapy/spidermiddlewares/base.py", line 58, in process_spider_output
    for o in result:
             ^^^^^^
  File "/opt/hostedtoolcache/Python/3.12.12/x64/lib/python3.12/site-packages/scrapy/core/spidermw.py", line 167, in process_sync
    yield from iterable
  File "/home/runner/work/fn/fn/NodeScrapy/spiders/DecryptSpider.py", line 97, in parse_blog
    ok, msg = self._decrypt(response.url, method, pwd)
              ^^^^^^^^^^^^^^^^^^^^^^^^^^^^^^^^^^^^^^^^
  File "/home/runner/work/fn/fn/NodeScrapy/spiders/DecryptSpider.py", line 46, in _decrypt
    self.driver.get(url)
  File "/opt/hostedtoolcache/Python/3.12.12/x64/lib/python3.12/site-packages/selenium/webdriver/remote/webdriver.py", line 452, in get
    self.execute(Command.GET, {"url": url})
  File "/opt/hostedtoolcache/Python/3.12.12/x64/lib/python3.12/site-packages/selenium/webdriver/remote/webdriver.py", line 429, in execute
    response = cast(RemoteConnection, self.command_executor).execute(driver_command, params)
               ^^^^^^^^^^^^^^^^^^^^^^^^^^^^^^^^^^^^^^^^^^^^^^^^^^^^^^^^^^^^^^^^^^^^^^^^^^^^^
  File "/opt/hostedtoolcache/Python/3.12.12/x64/lib/python3.12/site-packages/selenium/webdriver/remote/remote_connection.py", line 405, in execute
    return self._request(command_info[0], url, body=data)
           ^^^^^^^^^^^^^^^^^^^^^^^^^^^^^^^^^^^^^^^^^^^^^^
  File "/opt/hostedtoolcache/Python/3.12.12/x64/lib/python3.12/site-packages/selenium/webdriver/remote/remote_connection.py", line 429, in _request
    response = self._conn.request(method, url, body=body, headers=headers, timeout=self._client_config.timeout)
               ^^^^^^^^^^^^^^^^^^^^^^^^^^^^^^^^^^^^^^^^^^^^^^^^^^^^^^^^^^^^^^^^^^^^^^^^^^^^^^^^^^^^^^^^^^^^^^^^
  File "/opt/hostedtoolcache/Python/3.12.12/x64/lib/python3.12/site-packages/urllib3/_request_methods.py", line 143, in request
    return self.request_encode_body(
           ^^^^^^^^^^^^^^^^^^^^^^^^^
  File "/opt/hostedtoolcache/Python/3.12.12/x64/lib/python3.12/site-packages/urllib3/_request_methods.py", line 278, in request_encode_body
    return self.urlopen(method, url, **extra_kw)
           ^^^^^^^^^^^^^^^^^^^^^^^^^^^^^^^^^^^^^
  File "/opt/hostedtoolcache/Python/3.12.12/x64/lib/python3.12/site-packages/urllib3/poolmanager.py", line 457, in urlopen
    response = conn.urlopen(method, u.request_uri, **kw)
               ^^^^^^^^^^^^^^^^^^^^^^^^^^^^^^^^^^^^^^^^^
  File "/opt/hostedtoolcache/Python/3.12.12/x64/lib/python3.12/site-packages/urllib3/connectionpool.py", line 841, in urlopen
    retries = retries.increment(
              ^^^^^^^^^^^^^^^^^^
  File "/opt/hostedtoolcache/Python/3.12.12/x64/lib/python3.12/site-packages/urllib3/util/retry.py", line 474, in increment
    raise reraise(type(error), error, _stacktrace)
          ^^^^^^^^^^^^^^^^^^^^^^^^^^^^^^^^^^^^^^^^
  File "/opt/hostedtoolcache/Python/3.12.12/x64/lib/python3.12/site-packages/urllib3/util/util.py", line 39, in reraise
    raise value
  File "/opt/hostedtoolcache/Python/3.12.12/x64/lib/python3.12/site-packages/urllib3/connectionpool.py", line 787, in urlopen
    response = self._make_request(
               ^^^^^^^^^^^^^^^^^^^
  File "/opt/hostedtoolcache/Python/3.12.12/x64/lib/python3.12/site-packages/urllib3/connectionpool.py", line 536, in _make_request
    self._raise_timeout(err=e, url=url, timeout_value=read_timeout)
  File "/opt/hostedtoolcache/Python/3.12.12/x64/lib/python3.12/site-packages/urllib3/connectionpool.py", line 367, in _raise_timeout
    raise ReadTimeoutError(
urllib3.exceptions.ReadTimeoutError: HTTPConnectionPool(host='localhost', port=43297): Read timed out. (read timeout=120)
2025-12-08 04:38:34 [scrapy.core.scraper] ERROR: Spider error processing <GET https://blues2022.blogspot.com/2025/12/20251274kchatgpt4k8kclashv2ray.html?m=1> (referer: https://blues2022.blogspot.com/?m=1)
Traceback (most recent call last):
  File "/opt/hostedtoolcache/Python/3.12.12/x64/lib/python3.12/site-packages/urllib3/connectionpool.py", line 534, in _make_request
    response = conn.getresponse()
               ^^^^^^^^^^^^^^^^^^
  File "/opt/hostedtoolcache/Python/3.12.12/x64/lib/python3.12/site-packages/urllib3/connection.py", line 571, in getresponse
    httplib_response = super().getresponse()
                       ^^^^^^^^^^^^^^^^^^^^^
  File "/opt/hostedtoolcache/Python/3.12.12/x64/lib/python3.12/http/client.py", line 1430, in getresponse
    response.begin()
  File "/opt/hostedtoolcache/Python/3.12.12/x64/lib/python3.12/http/client.py", line 331, in begin
    version, status, reason = self._read_status()
                              ^^^^^^^^^^^^^^^^^^^
  File "/opt/hostedtoolcache/Python/3.12.12/x64/lib/python3.12/http/client.py", line 292, in _read_status
    line = str(self.fp.readline(_MAXLINE + 1), "iso-8859-1")
               ^^^^^^^^^^^^^^^^^^^^^^^^^^^^^^
  File "/opt/hostedtoolcache/Python/3.12.12/x64/lib/python3.12/socket.py", line 720, in readinto
    return self._sock.recv_into(b)
           ^^^^^^^^^^^^^^^^^^^^^^^
TimeoutError: timed out

The above exception was the direct cause of the following exception:

Traceback (most recent call last):
  File "/opt/hostedtoolcache/Python/3.12.12/x64/lib/python3.12/site-packages/scrapy/utils/defer.py", line 343, in iter_errback
    yield next(it)
          ^^^^^^^^
  File "/opt/hostedtoolcache/Python/3.12.12/x64/lib/python3.12/site-packages/scrapy/utils/python.py", line 369, in __next__
    return next(self.data)
           ^^^^^^^^^^^^^^^
  File "/opt/hostedtoolcache/Python/3.12.12/x64/lib/python3.12/site-packages/scrapy/utils/python.py", line 369, in __next__
    return next(self.data)
           ^^^^^^^^^^^^^^^
  File "/opt/hostedtoolcache/Python/3.12.12/x64/lib/python3.12/site-packages/scrapy/core/spidermw.py", line 167, in process_sync
    yield from iterable
  File "/opt/hostedtoolcache/Python/3.12.12/x64/lib/python3.12/site-packages/scrapy/spidermiddlewares/base.py", line 58, in process_spider_output
    for o in result:
             ^^^^^^
  File "/opt/hostedtoolcache/Python/3.12.12/x64/lib/python3.12/site-packages/scrapy/core/spidermw.py", line 167, in process_sync
    yield from iterable
  File "/opt/hostedtoolcache/Python/3.12.12/x64/lib/python3.12/site-packages/scrapy/spidermiddlewares/base.py", line 58, in process_spider_output
    for o in result:
             ^^^^^^
  File "/opt/hostedtoolcache/Python/3.12.12/x64/lib/python3.12/site-packages/scrapy/core/spidermw.py", line 167, in process_sync
    yield from iterable
  File "/opt/hostedtoolcache/Python/3.12.12/x64/lib/python3.12/site-packages/scrapy/spidermiddlewares/base.py", line 58, in process_spider_output
    for o in result:
             ^^^^^^
  File "/opt/hostedtoolcache/Python/3.12.12/x64/lib/python3.12/site-packages/scrapy/core/spidermw.py", line 167, in process_sync
    yield from iterable
  File "/opt/hostedtoolcache/Python/3.12.12/x64/lib/python3.12/site-packages/scrapy/spidermiddlewares/depth.py", line 59, in process_spider_output
    yield from super().process_spider_output(response, result, spider)
  File "/opt/hostedtoolcache/Python/3.12.12/x64/lib/python3.12/site-packages/scrapy/spidermiddlewares/base.py", line 58, in process_spider_output
    for o in result:
             ^^^^^^
  File "/opt/hostedtoolcache/Python/3.12.12/x64/lib/python3.12/site-packages/scrapy/core/spidermw.py", line 167, in process_sync
    yield from iterable
  File "/home/runner/work/fn/fn/NodeScrapy/spiders/DecryptSpider.py", line 97, in parse_blog
    ok, msg = self._decrypt(response.url, method, pwd)
              ^^^^^^^^^^^^^^^^^^^^^^^^^^^^^^^^^^^^^^^^
  File "/home/runner/work/fn/fn/NodeScrapy/spiders/DecryptSpider.py", line 46, in _decrypt
    self.driver.get(url)
  File "/opt/hostedtoolcache/Python/3.12.12/x64/lib/python3.12/site-packages/selenium/webdriver/remote/webdriver.py", line 452, in get
    self.execute(Command.GET, {"url": url})
  File "/opt/hostedtoolcache/Python/3.12.12/x64/lib/python3.12/site-packages/selenium/webdriver/remote/webdriver.py", line 429, in execute
    response = cast(RemoteConnection, self.command_executor).execute(driver_command, params)
               ^^^^^^^^^^^^^^^^^^^^^^^^^^^^^^^^^^^^^^^^^^^^^^^^^^^^^^^^^^^^^^^^^^^^^^^^^^^^^
  File "/opt/hostedtoolcache/Python/3.12.12/x64/lib/python3.12/site-packages/selenium/webdriver/remote/remote_connection.py", line 405, in execute
    return self._request(command_info[0], url, body=data)
           ^^^^^^^^^^^^^^^^^^^^^^^^^^^^^^^^^^^^^^^^^^^^^^
  File "/opt/hostedtoolcache/Python/3.12.12/x64/lib/python3.12/site-packages/selenium/webdriver/remote/remote_connection.py", line 429, in _request
    response = self._conn.request(method, url, body=body, headers=headers, timeout=self._client_config.timeout)
               ^^^^^^^^^^^^^^^^^^^^^^^^^^^^^^^^^^^^^^^^^^^^^^^^^^^^^^^^^^^^^^^^^^^^^^^^^^^^^^^^^^^^^^^^^^^^^^^^
  File "/opt/hostedtoolcache/Python/3.12.12/x64/lib/python3.12/site-packages/urllib3/_request_methods.py", line 143, in request
    return self.request_encode_body(
           ^^^^^^^^^^^^^^^^^^^^^^^^^
  File "/opt/hostedtoolcache/Python/3.12.12/x64/lib/python3.12/site-packages/urllib3/_request_methods.py", line 278, in request_encode_body
    return self.urlopen(method, url, **extra_kw)
           ^^^^^^^^^^^^^^^^^^^^^^^^^^^^^^^^^^^^^
  File "/opt/hostedtoolcache/Python/3.12.12/x64/lib/python3.12/site-packages/urllib3/poolmanager.py", line 457, in urlopen
    response = conn.urlopen(method, u.request_uri, **kw)
               ^^^^^^^^^^^^^^^^^^^^^^^^^^^^^^^^^^^^^^^^^
  File "/opt/hostedtoolcache/Python/3.12.12/x64/lib/python3.12/site-packages/urllib3/connectionpool.py", line 841, in urlopen
    retries = retries.increment(
              ^^^^^^^^^^^^^^^^^^
  File "/opt/hostedtoolcache/Python/3.12.12/x64/lib/python3.12/site-packages/urllib3/util/retry.py", line 474, in increment
    raise reraise(type(error), error, _stacktrace)
          ^^^^^^^^^^^^^^^^^^^^^^^^^^^^^^^^^^^^^^^^
  File "/opt/hostedtoolcache/Python/3.12.12/x64/lib/python3.12/site-packages/urllib3/util/util.py", line 39, in reraise
    raise value
  File "/opt/hostedtoolcache/Python/3.12.12/x64/lib/python3.12/site-packages/urllib3/connectionpool.py", line 787, in urlopen
    response = self._make_request(
               ^^^^^^^^^^^^^^^^^^^
  File "/opt/hostedtoolcache/Python/3.12.12/x64/lib/python3.12/site-packages/urllib3/connectionpool.py", line 536, in _make_request
    self._raise_timeout(err=e, url=url, timeout_value=read_timeout)
  File "/opt/hostedtoolcache/Python/3.12.12/x64/lib/python3.12/site-packages/urllib3/connectionpool.py", line 367, in _raise_timeout
    raise ReadTimeoutError(
urllib3.exceptions.ReadTimeoutError: HTTPConnectionPool(host='localhost', port=43297): Read timed out. (read timeout=120)
2025-12-08 04:38:34 [scrapy.extensions.logstats] INFO: Crawled 8 pages (at 0 pages/min), scraped 0 items (at 0 items/min)
2025-12-08 04:40:34 [scrapy.core.scraper] ERROR: Spider error processing <GET https://blues2022.blogspot.com/2025/12/20251264kchatgpt4k8kclashv2ray.html> (referer: https://blues2022.blogspot.com/?m=1)
Traceback (most recent call last):
  File "/opt/hostedtoolcache/Python/3.12.12/x64/lib/python3.12/site-packages/urllib3/connectionpool.py", line 534, in _make_request
    response = conn.getresponse()
               ^^^^^^^^^^^^^^^^^^
  File "/opt/hostedtoolcache/Python/3.12.12/x64/lib/python3.12/site-packages/urllib3/connection.py", line 571, in getresponse
    httplib_response = super().getresponse()
                       ^^^^^^^^^^^^^^^^^^^^^
  File "/opt/hostedtoolcache/Python/3.12.12/x64/lib/python3.12/http/client.py", line 1430, in getresponse
    response.begin()
  File "/opt/hostedtoolcache/Python/3.12.12/x64/lib/python3.12/http/client.py", line 331, in begin
    version, status, reason = self._read_status()
                              ^^^^^^^^^^^^^^^^^^^
  File "/opt/hostedtoolcache/Python/3.12.12/x64/lib/python3.12/http/client.py", line 292, in _read_status
    line = str(self.fp.readline(_MAXLINE + 1), "iso-8859-1")
               ^^^^^^^^^^^^^^^^^^^^^^^^^^^^^^
  File "/opt/hostedtoolcache/Python/3.12.12/x64/lib/python3.12/socket.py", line 720, in readinto
    return self._sock.recv_into(b)
           ^^^^^^^^^^^^^^^^^^^^^^^
TimeoutError: timed out

The above exception was the direct cause of the following exception:

Traceback (most recent call last):
  File "/opt/hostedtoolcache/Python/3.12.12/x64/lib/python3.12/site-packages/scrapy/utils/defer.py", line 343, in iter_errback
    yield next(it)
          ^^^^^^^^
  File "/opt/hostedtoolcache/Python/3.12.12/x64/lib/python3.12/site-packages/scrapy/utils/python.py", line 369, in __next__
    return next(self.data)
           ^^^^^^^^^^^^^^^
  File "/opt/hostedtoolcache/Python/3.12.12/x64/lib/python3.12/site-packages/scrapy/utils/python.py", line 369, in __next__
    return next(self.data)
           ^^^^^^^^^^^^^^^
  File "/opt/hostedtoolcache/Python/3.12.12/x64/lib/python3.12/site-packages/scrapy/core/spidermw.py", line 167, in process_sync
    yield from iterable
  File "/opt/hostedtoolcache/Python/3.12.12/x64/lib/python3.12/site-packages/scrapy/spidermiddlewares/base.py", line 58, in process_spider_output
    for o in result:
             ^^^^^^
  File "/opt/hostedtoolcache/Python/3.12.12/x64/lib/python3.12/site-packages/scrapy/core/spidermw.py", line 167, in process_sync
    yield from iterable
  File "/opt/hostedtoolcache/Python/3.12.12/x64/lib/python3.12/site-packages/scrapy/spidermiddlewares/base.py", line 58, in process_spider_output
    for o in result:
             ^^^^^^
  File "/opt/hostedtoolcache/Python/3.12.12/x64/lib/python3.12/site-packages/scrapy/core/spidermw.py", line 167, in process_sync
    yield from iterable
  File "/opt/hostedtoolcache/Python/3.12.12/x64/lib/python3.12/site-packages/scrapy/spidermiddlewares/base.py", line 58, in process_spider_output
    for o in result:
             ^^^^^^
  File "/opt/hostedtoolcache/Python/3.12.12/x64/lib/python3.12/site-packages/scrapy/core/spidermw.py", line 167, in process_sync
    yield from iterable
  File "/opt/hostedtoolcache/Python/3.12.12/x64/lib/python3.12/site-packages/scrapy/spidermiddlewares/depth.py", line 59, in process_spider_output
    yield from super().process_spider_output(response, result, spider)
  File "/opt/hostedtoolcache/Python/3.12.12/x64/lib/python3.12/site-packages/scrapy/spidermiddlewares/base.py", line 58, in process_spider_output
    for o in result:
             ^^^^^^
  File "/opt/hostedtoolcache/Python/3.12.12/x64/lib/python3.12/site-packages/scrapy/core/spidermw.py", line 167, in process_sync
    yield from iterable
  File "/home/runner/work/fn/fn/NodeScrapy/spiders/DecryptSpider.py", line 97, in parse_blog
    ok, msg = self._decrypt(response.url, method, pwd)
              ^^^^^^^^^^^^^^^^^^^^^^^^^^^^^^^^^^^^^^^^
  File "/home/runner/work/fn/fn/NodeScrapy/spiders/DecryptSpider.py", line 46, in _decrypt
    self.driver.get(url)
  File "/opt/hostedtoolcache/Python/3.12.12/x64/lib/python3.12/site-packages/selenium/webdriver/remote/webdriver.py", line 452, in get
    self.execute(Command.GET, {"url": url})
  File "/opt/hostedtoolcache/Python/3.12.12/x64/lib/python3.12/site-packages/selenium/webdriver/remote/webdriver.py", line 429, in execute
    response = cast(RemoteConnection, self.command_executor).execute(driver_command, params)
               ^^^^^^^^^^^^^^^^^^^^^^^^^^^^^^^^^^^^^^^^^^^^^^^^^^^^^^^^^^^^^^^^^^^^^^^^^^^^^
  File "/opt/hostedtoolcache/Python/3.12.12/x64/lib/python3.12/site-packages/selenium/webdriver/remote/remote_connection.py", line 405, in execute
    return self._request(command_info[0], url, body=data)
           ^^^^^^^^^^^^^^^^^^^^^^^^^^^^^^^^^^^^^^^^^^^^^^
  File "/opt/hostedtoolcache/Python/3.12.12/x64/lib/python3.12/site-packages/selenium/webdriver/remote/remote_connection.py", line 429, in _request
    response = self._conn.request(method, url, body=body, headers=headers, timeout=self._client_config.timeout)
               ^^^^^^^^^^^^^^^^^^^^^^^^^^^^^^^^^^^^^^^^^^^^^^^^^^^^^^^^^^^^^^^^^^^^^^^^^^^^^^^^^^^^^^^^^^^^^^^^
  File "/opt/hostedtoolcache/Python/3.12.12/x64/lib/python3.12/site-packages/urllib3/_request_methods.py", line 143, in request
    return self.request_encode_body(
           ^^^^^^^^^^^^^^^^^^^^^^^^^
  File "/opt/hostedtoolcache/Python/3.12.12/x64/lib/python3.12/site-packages/urllib3/_request_methods.py", line 278, in request_encode_body
    return self.urlopen(method, url, **extra_kw)
           ^^^^^^^^^^^^^^^^^^^^^^^^^^^^^^^^^^^^^
  File "/opt/hostedtoolcache/Python/3.12.12/x64/lib/python3.12/site-packages/urllib3/poolmanager.py", line 457, in urlopen
    response = conn.urlopen(method, u.request_uri, **kw)
               ^^^^^^^^^^^^^^^^^^^^^^^^^^^^^^^^^^^^^^^^^
  File "/opt/hostedtoolcache/Python/3.12.12/x64/lib/python3.12/site-packages/urllib3/connectionpool.py", line 841, in urlopen
    retries = retries.increment(
              ^^^^^^^^^^^^^^^^^^
  File "/opt/hostedtoolcache/Python/3.12.12/x64/lib/python3.12/site-packages/urllib3/util/retry.py", line 474, in increment
    raise reraise(type(error), error, _stacktrace)
          ^^^^^^^^^^^^^^^^^^^^^^^^^^^^^^^^^^^^^^^^
  File "/opt/hostedtoolcache/Python/3.12.12/x64/lib/python3.12/site-packages/urllib3/util/util.py", line 39, in reraise
    raise value
  File "/opt/hostedtoolcache/Python/3.12.12/x64/lib/python3.12/site-packages/urllib3/connectionpool.py", line 787, in urlopen
    response = self._make_request(
               ^^^^^^^^^^^^^^^^^^^
  File "/opt/hostedtoolcache/Python/3.12.12/x64/lib/python3.12/site-packages/urllib3/connectionpool.py", line 536, in _make_request
    self._raise_timeout(err=e, url=url, timeout_value=read_timeout)
  File "/opt/hostedtoolcache/Python/3.12.12/x64/lib/python3.12/site-packages/urllib3/connectionpool.py", line 367, in _raise_timeout
    raise ReadTimeoutError(
urllib3.exceptions.ReadTimeoutError: HTTPConnectionPool(host='localhost', port=43297): Read timed out. (read timeout=120)
2025-12-08 04:42:34 [scrapy.core.scraper] ERROR: Spider error processing <GET http://www.yudou6677.top/2025/12/20251207941080p4kv2rayclashsing.html?m=1> (referer: None)
Traceback (most recent call last):
  File "/opt/hostedtoolcache/Python/3.12.12/x64/lib/python3.12/site-packages/urllib3/connectionpool.py", line 534, in _make_request
    response = conn.getresponse()
               ^^^^^^^^^^^^^^^^^^
  File "/opt/hostedtoolcache/Python/3.12.12/x64/lib/python3.12/site-packages/urllib3/connection.py", line 571, in getresponse
    httplib_response = super().getresponse()
                       ^^^^^^^^^^^^^^^^^^^^^
  File "/opt/hostedtoolcache/Python/3.12.12/x64/lib/python3.12/http/client.py", line 1430, in getresponse
    response.begin()
  File "/opt/hostedtoolcache/Python/3.12.12/x64/lib/python3.12/http/client.py", line 331, in begin
    version, status, reason = self._read_status()
                              ^^^^^^^^^^^^^^^^^^^
  File "/opt/hostedtoolcache/Python/3.12.12/x64/lib/python3.12/http/client.py", line 292, in _read_status
    line = str(self.fp.readline(_MAXLINE + 1), "iso-8859-1")
               ^^^^^^^^^^^^^^^^^^^^^^^^^^^^^^
  File "/opt/hostedtoolcache/Python/3.12.12/x64/lib/python3.12/socket.py", line 720, in readinto
    return self._sock.recv_into(b)
           ^^^^^^^^^^^^^^^^^^^^^^^
TimeoutError: timed out

The above exception was the direct cause of the following exception:

Traceback (most recent call last):
  File "/opt/hostedtoolcache/Python/3.12.12/x64/lib/python3.12/site-packages/scrapy/utils/defer.py", line 343, in iter_errback
    yield next(it)
          ^^^^^^^^
  File "/opt/hostedtoolcache/Python/3.12.12/x64/lib/python3.12/site-packages/scrapy/utils/python.py", line 369, in __next__
    return next(self.data)
           ^^^^^^^^^^^^^^^
  File "/opt/hostedtoolcache/Python/3.12.12/x64/lib/python3.12/site-packages/scrapy/utils/python.py", line 369, in __next__
    return next(self.data)
           ^^^^^^^^^^^^^^^
  File "/opt/hostedtoolcache/Python/3.12.12/x64/lib/python3.12/site-packages/scrapy/core/spidermw.py", line 167, in process_sync
    yield from iterable
  File "/opt/hostedtoolcache/Python/3.12.12/x64/lib/python3.12/site-packages/scrapy/spidermiddlewares/base.py", line 58, in process_spider_output
    for o in result:
             ^^^^^^
  File "/opt/hostedtoolcache/Python/3.12.12/x64/lib/python3.12/site-packages/scrapy/core/spidermw.py", line 167, in process_sync
    yield from iterable
  File "/opt/hostedtoolcache/Python/3.12.12/x64/lib/python3.12/site-packages/scrapy/spidermiddlewares/base.py", line 58, in process_spider_output
    for o in result:
             ^^^^^^
  File "/opt/hostedtoolcache/Python/3.12.12/x64/lib/python3.12/site-packages/scrapy/core/spidermw.py", line 167, in process_sync
    yield from iterable
  File "/opt/hostedtoolcache/Python/3.12.12/x64/lib/python3.12/site-packages/scrapy/spidermiddlewares/base.py", line 58, in process_spider_output
    for o in result:
             ^^^^^^
  File "/opt/hostedtoolcache/Python/3.12.12/x64/lib/python3.12/site-packages/scrapy/core/spidermw.py", line 167, in process_sync
    yield from iterable
  File "/opt/hostedtoolcache/Python/3.12.12/x64/lib/python3.12/site-packages/scrapy/spidermiddlewares/depth.py", line 59, in process_spider_output
    yield from super().process_spider_output(response, result, spider)
  File "/opt/hostedtoolcache/Python/3.12.12/x64/lib/python3.12/site-packages/scrapy/spidermiddlewares/base.py", line 58, in process_spider_output
    for o in result:
             ^^^^^^
  File "/opt/hostedtoolcache/Python/3.12.12/x64/lib/python3.12/site-packages/scrapy/core/spidermw.py", line 167, in process_sync
    yield from iterable
  File "/home/runner/work/fn/fn/NodeScrapy/spiders/DecryptSpider.py", line 97, in parse_blog
    ok, msg = self._decrypt(response.url, method, pwd)
              ^^^^^^^^^^^^^^^^^^^^^^^^^^^^^^^^^^^^^^^^
  File "/home/runner/work/fn/fn/NodeScrapy/spiders/DecryptSpider.py", line 46, in _decrypt
    self.driver.get(url)
  File "/opt/hostedtoolcache/Python/3.12.12/x64/lib/python3.12/site-packages/selenium/webdriver/remote/webdriver.py", line 452, in get
    self.execute(Command.GET, {"url": url})
  File "/opt/hostedtoolcache/Python/3.12.12/x64/lib/python3.12/site-packages/selenium/webdriver/remote/webdriver.py", line 429, in execute
    response = cast(RemoteConnection, self.command_executor).execute(driver_command, params)
               ^^^^^^^^^^^^^^^^^^^^^^^^^^^^^^^^^^^^^^^^^^^^^^^^^^^^^^^^^^^^^^^^^^^^^^^^^^^^^
  File "/opt/hostedtoolcache/Python/3.12.12/x64/lib/python3.12/site-packages/selenium/webdriver/remote/remote_connection.py", line 405, in execute
    return self._request(command_info[0], url, body=data)
           ^^^^^^^^^^^^^^^^^^^^^^^^^^^^^^^^^^^^^^^^^^^^^^
  File "/opt/hostedtoolcache/Python/3.12.12/x64/lib/python3.12/site-packages/selenium/webdriver/remote/remote_connection.py", line 429, in _request
    response = self._conn.request(method, url, body=body, headers=headers, timeout=self._client_config.timeout)
               ^^^^^^^^^^^^^^^^^^^^^^^^^^^^^^^^^^^^^^^^^^^^^^^^^^^^^^^^^^^^^^^^^^^^^^^^^^^^^^^^^^^^^^^^^^^^^^^^
  File "/opt/hostedtoolcache/Python/3.12.12/x64/lib/python3.12/site-packages/urllib3/_request_methods.py", line 143, in request
    return self.request_encode_body(
           ^^^^^^^^^^^^^^^^^^^^^^^^^
  File "/opt/hostedtoolcache/Python/3.12.12/x64/lib/python3.12/site-packages/urllib3/_request_methods.py", line 278, in request_encode_body
    return self.urlopen(method, url, **extra_kw)
           ^^^^^^^^^^^^^^^^^^^^^^^^^^^^^^^^^^^^^
  File "/opt/hostedtoolcache/Python/3.12.12/x64/lib/python3.12/site-packages/urllib3/poolmanager.py", line 457, in urlopen
    response = conn.urlopen(method, u.request_uri, **kw)
               ^^^^^^^^^^^^^^^^^^^^^^^^^^^^^^^^^^^^^^^^^
  File "/opt/hostedtoolcache/Python/3.12.12/x64/lib/python3.12/site-packages/urllib3/connectionpool.py", line 841, in urlopen
    retries = retries.increment(
              ^^^^^^^^^^^^^^^^^^
  File "/opt/hostedtoolcache/Python/3.12.12/x64/lib/python3.12/site-packages/urllib3/util/retry.py", line 474, in increment
    raise reraise(type(error), error, _stacktrace)
          ^^^^^^^^^^^^^^^^^^^^^^^^^^^^^^^^^^^^^^^^
  File "/opt/hostedtoolcache/Python/3.12.12/x64/lib/python3.12/site-packages/urllib3/util/util.py", line 39, in reraise
    raise value
  File "/opt/hostedtoolcache/Python/3.12.12/x64/lib/python3.12/site-packages/urllib3/connectionpool.py", line 787, in urlopen
    response = self._make_request(
               ^^^^^^^^^^^^^^^^^^^
  File "/opt/hostedtoolcache/Python/3.12.12/x64/lib/python3.12/site-packages/urllib3/connectionpool.py", line 536, in _make_request
    self._raise_timeout(err=e, url=url, timeout_value=read_timeout)
  File "/opt/hostedtoolcache/Python/3.12.12/x64/lib/python3.12/site-packages/urllib3/connectionpool.py", line 367, in _raise_timeout
    raise ReadTimeoutError(
urllib3.exceptions.ReadTimeoutError: HTTPConnectionPool(host='localhost', port=43297): Read timed out. (read timeout=120)
2025-12-08 04:42:34 [scrapy.extensions.logstats] INFO: Crawled 8 pages (at 0 pages/min), scraped 0 items (at 0 items/min)
2025-12-08 04:42:35 [decrypt] INFO: Pipeline got item yudou66.txt
2025-12-08 04:42:35 [decrypt] INFO: Pipeline processed yudou66.txt
2025-12-08 04:42:35 [scrapy.core.engine] INFO: Closing spider (finished)
2025-12-08 04:42:42 [scrapy.statscollectors] INFO: Dumping Scrapy stats:
{'downloader/exception_count': 2,
 'downloader/exception_type_count/twisted.internet.error.DNSLookupError': 1,
 'downloader/exception_type_count/twisted.internet.error.TimeoutError': 1,
 'downloader/request_bytes': 5898,
 'downloader/request_count': 16,
 'downloader/request_method_count/GET': 16,
 'downloader/response_bytes': 338222,
 'downloader/response_count': 14,
 'downloader/response_status_count/200': 9,
 'downloader/response_status_count/302': 5,
 'elapsed_time_seconds': 610.560325,
 'finish_reason': 'finished',
 'finish_time': datetime.datetime(2025, 12, 8, 4, 42, 42, 54812, tzinfo=datetime.timezone.utc),
 'httpcompression/response_bytes': 1748642,
 'httpcompression/response_count': 9,
 'item_scraped_count': 1,
 'items_per_minute': 0.09836065573770493,
 'log_count/ERROR': 5,
 'log_count/INFO': 28,
 'log_count/WARNING': 5,
 'memusage/max': 192794624,
 'memusage/startup': 182476800,
 'request_depth_max': 2,
 'response_received_count': 9,
 'responses_per_minute': 0.8852459016393444,
 'retry/count': 2,
 'retry/reason_count/twisted.internet.error.DNSLookupError': 1,
 'retry/reason_count/twisted.internet.error.TimeoutError': 1,
 'scheduler/dequeued': 16,
 'scheduler/dequeued/memory': 16,
 'scheduler/enqueued': 16,
 'scheduler/enqueued/memory': 16,
 'spider_exceptions/ReadTimeoutError': 5,
 'spider_exceptions/count': 5,
 'start_time': datetime.datetime(2025, 12, 8, 4, 32, 31, 494487, tzinfo=datetime.timezone.utc)}
2025-12-08 04:42:42 [scrapy.core.engine] INFO: Spider closed (finished)
