2025-12-07 00:13:22 [scrapy.middleware] INFO: Enabled downloader middlewares:
['scrapy.downloadermiddlewares.offsite.OffsiteMiddleware',
 'scrapy.downloadermiddlewares.httpauth.HttpAuthMiddleware',
 'scrapy.downloadermiddlewares.downloadtimeout.DownloadTimeoutMiddleware',
 'scrapy.downloadermiddlewares.defaultheaders.DefaultHeadersMiddleware',
 'NodeScrapy.middlewares.RandomUserAgentMiddleware',
 'scrapy.downloadermiddlewares.useragent.UserAgentMiddleware',
 'scrapy.downloadermiddlewares.retry.RetryMiddleware',
 'scrapy.downloadermiddlewares.redirect.MetaRefreshMiddleware',
 'scrapy.downloadermiddlewares.httpcompression.HttpCompressionMiddleware',
 'scrapy.downloadermiddlewares.redirect.RedirectMiddleware',
 'scrapy.downloadermiddlewares.cookies.CookiesMiddleware',
 'scrapy.downloadermiddlewares.httpproxy.HttpProxyMiddleware',
 'scrapy.downloadermiddlewares.stats.DownloaderStats']
2025-12-07 00:13:22 [scrapy.middleware] INFO: Enabled spider middlewares:
['scrapy.spidermiddlewares.start.StartSpiderMiddleware',
 'scrapy.spidermiddlewares.httperror.HttpErrorMiddleware',
 'scrapy.spidermiddlewares.referer.RefererMiddleware',
 'scrapy.spidermiddlewares.urllength.UrlLengthMiddleware',
 'scrapy.spidermiddlewares.depth.DepthMiddleware']
2025-12-07 00:13:22 [scrapy.middleware] INFO: Enabled item pipelines:
['NodeScrapy.pipelines.Pipeline']
2025-12-07 00:13:22 [scrapy.core.engine] INFO: Spider opened
2025-12-07 00:13:22 [py.warnings] WARNING: /opt/hostedtoolcache/Python/3.12.12/x64/lib/python3.12/site-packages/scrapy/core/spidermw.py:433: ScrapyDeprecationWarning: NodeScrapy.spiders.SimpleSpider.SimpleSpider defines the deprecated start_requests() method. start_requests() has been deprecated in favor of a new method, start(), to support asynchronous code execution. start_requests() will stop being called in a future version of Scrapy. If you use Scrapy 2.13 or higher only, replace start_requests() with start(); note that start() is a coroutine (async def). If you need to maintain compatibility with lower Scrapy versions, when overriding start_requests() in a spider class, override start() as well; you can use super() to reuse the inherited start() implementation without copy-pasting. See the release notes of Scrapy 2.13 for details: https://docs.scrapy.org/en/2.13/news.html
  warn(

2025-12-07 00:13:22 [scrapy.extensions.logstats] INFO: Crawled 0 pages (at 0 pages/min), scraped 0 items (at 0 items/min)
2025-12-07 00:13:22 [scrapy.extensions.telnet] INFO: Telnet console listening on 127.0.0.1:6023
2025-12-07 00:13:22 [simple] INFO: clashmeta start
2025-12-07 00:13:22 [simple] INFO: ndnode start
2025-12-07 00:13:22 [simple] INFO: nodev2ray start
2025-12-07 00:13:22 [simple] INFO: nodefree start
2025-12-07 00:13:22 [simple] INFO: v2rayshare start
2025-12-07 00:13:22 [simple] INFO: wenode start
2025-12-07 00:13:22 [simple] INFO: clashmeta found /free-nodes/2025-12-3-clash-meta-github.htm on 2025-03-01
2025-12-07 00:13:22 [simple] INFO: clashmeta found /free-nodes/2025-12-2-clash-meta-node-github.htm on 2025-03-01
2025-12-07 00:13:22 [simple] INFO: clashmeta found /free-nodes/2025-12-1-latest-clash-meta-node.htm on 2025-03-01
2025-12-07 00:13:22 [simple] INFO: clashmeta found /free-nodes/2025-11-30-free-clash-meta-node.htm on 2025-11-30
2025-12-07 00:13:22 [simple] INFO: clashmeta found /free-nodes/2025-11-30-free-clash-meta-node.htm on 2025-11-30
2025-12-07 00:13:22 [simple] INFO: clashmeta found /free-nodes/2025-11-29-node-share-links.htm on 2025-11-29
2025-12-07 00:13:22 [simple] INFO: clashmeta found /free-nodes/2025-11-29-node-share-links.htm on 2025-11-29
2025-12-07 00:13:22 [simple] INFO: clashmeta found /free-nodes/2025-11-28-clash-meta-windows.htm on 2025-11-28
2025-12-07 00:13:22 [simple] INFO: clashmeta found /free-nodes/2025-11-28-clash-meta-windows.htm on 2025-11-28
2025-12-07 00:13:22 [simple] INFO: clashmeta found /free-nodes/2025-11-26-free-node-subscribe-links.htm on 2025-11-26
2025-12-07 00:13:22 [simple] INFO: clashmeta found /free-nodes/2025-11-26-free-node-subscribe-links.htm on 2025-11-26
2025-12-07 00:13:22 [simple] INFO: clashmeta found /free-nodes/2025-11-23-latest-clash-meta-node.htm on 2025-11-23
2025-12-07 00:13:22 [simple] INFO: clashmeta found /free-nodes/2025-11-23-latest-clash-meta-node.htm on 2025-11-23
2025-12-07 00:13:22 [simple] INFO: clashmeta found /free-nodes/2025-11-22-free-node-subscribe.htm on 2025-11-22
2025-12-07 00:13:22 [simple] INFO: clashmeta found /free-nodes/2025-11-22-free-node-subscribe.htm on 2025-11-22
2025-12-07 00:13:22 [simple] INFO: clashmeta found /free-nodes/2025-11-21-free-high-speed-nodes.htm on 2025-11-21
2025-12-07 00:13:22 [simple] INFO: clashmeta found /free-nodes/2025-11-21-free-high-speed-nodes.htm on 2025-11-21
2025-12-07 00:13:22 [simple] INFO: clashmeta needs update, accessing https://clash-meta.github.io/free-nodes/2025-12-3-clash-meta-github.htm
2025-12-07 00:13:22 [simple] INFO: clashmeta needs update, accessing https://clash-meta.github.io/free-nodes/2025-12-3-clash-meta-github.htm
2025-12-07 00:13:22 [simple] INFO: clashmeta needs update, accessing https://clash-meta.github.io/free-nodes/2025-12-2-clash-meta-node-github.htm
2025-12-07 00:13:22 [simple] INFO: v2rayshare found https://v2rayshare.net/p/4128.html on 2025-11-30
2025-12-07 00:13:22 [simple] INFO: v2rayshare found https://v2rayshare.net/p/4129.html on 2025-11-29
2025-12-07 00:13:22 [simple] INFO: v2rayshare found https://v2rayshare.net/p/4130.html on 2025-11-28
2025-12-07 00:13:22 [simple] INFO: v2rayshare found https://v2rayshare.net/p/4131.html on 2025-11-27
2025-12-07 00:13:22 [simple] INFO: v2rayshare needs update, accessing https://v2rayshare.net/p/4122.html
2025-12-07 00:13:22 [simple] INFO: v2rayshare needs update, accessing https://v2rayshare.net/p/4123.html
2025-12-07 00:13:22 [simple] INFO: v2rayshare needs update, accessing https://v2rayshare.net/p/4124.html
2025-12-07 00:13:22 [simple] INFO: v2rayshare found https://v2rayshare.githubrowcontent.com/2025/12/20251206.txt
2025-12-07 00:13:22 [simple] INFO: v2rayshare found https://v2rayshare.githubrowcontent.com/2025/12/20251206.yaml
2025-12-07 00:13:22 [simple] INFO: v2rayshare found https://v2rayshare.githubrowcontent.com/2025/12/20251206.yaml
2025-12-07 00:13:22 [simple] INFO: nodev2ray found /free-node/2025-11-30-free-node-subscribe-links.htm on 2025-11-30
2025-12-07 00:13:22 [simple] INFO: nodev2ray found /free-node/2025-11-29-free-ssr-node.htm on 2025-11-29
2025-12-07 00:13:22 [simple] INFO: nodev2ray found /free-node/2025-11-28-v2ray-windows.htm on 2025-11-28
2025-12-07 00:13:22 [simple] INFO: nodev2ray needs update, accessing https://nodev2ray.com/free-node/2025-12-7-free-clash-subscribe.htm
2025-12-07 00:13:22 [simple] INFO: nodev2ray needs update, accessing https://nodev2ray.com/free-node/2025-12-6-v2ray-node-daily-updates.htm
2025-12-07 00:13:22 [simple] INFO: nodev2ray needs update, accessing https://nodev2ray.com/free-node/2025-12-5-clash-v2ray-ss-ssr.htm
2025-12-07 00:13:22 [simple] INFO: v2rayshare found https://v2rayshare.githubrowcontent.com/2025/12/20251205.txt
2025-12-07 00:13:22 [simple] INFO: v2rayshare found https://v2rayshare.githubrowcontent.com/2025/12/20251205.yaml
2025-12-07 00:13:22 [simple] INFO: v2rayshare found https://v2rayshare.githubrowcontent.com/2025/12/20251205.yaml
2025-12-07 00:13:22 [simple] INFO: v2rayshare found https://v2rayshare.githubrowcontent.com/2025/12/20251204.txt
2025-12-07 00:13:22 [simple] INFO: v2rayshare found https://v2rayshare.githubrowcontent.com/2025/12/20251204.yaml
2025-12-07 00:13:22 [simple] INFO: v2rayshare found https://v2rayshare.githubrowcontent.com/2025/12/20251204.yaml
2025-12-07 00:13:22 [simple] INFO: wenode found https://oneclash.cc/a/2324.html on 2025-11-30
2025-12-07 00:13:22 [simple] INFO: wenode found https://oneclash.cc/a/2325.html on 2025-11-29
2025-12-07 00:13:22 [simple] INFO: wenode found https://oneclash.cc/a/2326.html on 2025-11-28
2025-12-07 00:13:22 [simple] INFO: wenode found https://oneclash.cc/a/2327.html on 2025-11-27
2025-12-07 00:13:22 [simple] INFO: wenode needs update, accessing https://oneclash.cc/a/2318.html
2025-12-07 00:13:22 [simple] INFO: wenode needs update, accessing https://oneclash.cc/a/2319.html
2025-12-07 00:13:22 [simple] INFO: wenode needs update, accessing https://oneclash.cc/a/2320.html
2025-12-07 00:13:22 [simple] INFO: nodefree found https://nodefree.me/p/2714.html on 2025-11-30
2025-12-07 00:13:22 [simple] INFO: nodefree found https://nodefree.me/p/2715.html on 2025-11-29
2025-12-07 00:13:22 [simple] INFO: nodefree found https://nodefree.me/p/2716.html on 2025-11-28
2025-12-07 00:13:22 [simple] INFO: nodefree found https://nodefree.me/p/2717.html on 2025-11-27
2025-12-07 00:13:22 [simple] INFO: nodefree found https://nodefree.me/p/2718.html on 2025-11-26
2025-12-07 00:13:22 [simple] INFO: nodefree needs update, accessing https://nodefree.me/p/2709.html
2025-12-07 00:13:22 [simple] INFO: nodefree needs update, accessing https://nodefree.me/p/2710.html
2025-12-07 00:13:22 [simple] INFO: nodefree needs update, accessing https://nodefree.me/p/2711.html
2025-12-07 00:13:22 [simple] WARNING: wenode could not parse https://oneclash.githubrowcontent.com/2025/1..."/, skipping
2025-12-07 00:13:22 [simple] INFO: wenode found https://oneclash.githubrowcontent.com/2025/12/20251206.txt
2025-12-07 00:13:22 [simple] INFO: wenode found https://oneclash.githubrowcontent.com/2025/12/20251206.yaml
2025-12-07 00:13:22 [simple] INFO: wenode found https://oneclash.githubrowcontent.com/2025/12/m20251206.yaml
2025-12-07 00:13:22 [simple] WARNING: wenode could not parse https://oneclash.githubrowcontent.com/2025/1..."/, skipping
2025-12-07 00:13:22 [simple] INFO: wenode found https://oneclash.githubrowcontent.com/2025/12/20251205.txt
2025-12-07 00:13:22 [simple] INFO: wenode found https://oneclash.githubrowcontent.com/2025/12/20251205.yaml
2025-12-07 00:13:22 [simple] INFO: wenode found https://oneclash.githubrowcontent.com/2025/12/m20251205.yaml
2025-12-07 00:13:22 [simple] WARNING: wenode could not parse https://oneclash.githubrowcontent.com/2025/1..."/, skipping
2025-12-07 00:13:22 [simple] INFO: wenode found https://oneclash.githubrowcontent.com/2025/12/20251204.txt
2025-12-07 00:13:22 [simple] INFO: wenode found https://oneclash.githubrowcontent.com/2025/12/20251204.yaml
2025-12-07 00:13:22 [simple] INFO: wenode found https://oneclash.githubrowcontent.com/2025/12/m20251204.yaml
2025-12-07 00:13:23 [simple] INFO: nodefree found https://nodefree.githubrowcontent.com/2025/12/20251205.txt
2025-12-07 00:13:23 [simple] INFO: nodefree found https://nodefree.githubrowcontent.com/2025/12/20251205.yaml
2025-12-07 00:13:23 [simple] INFO: nodefree found https://nodefree.githubrowcontent.com/2025/12/m20251205.yaml
2025-12-07 00:13:23 [simple] INFO: nodefree found https://nodefree.githubrowcontent.com/2025/12/20251203.txt
2025-12-07 00:13:23 [simple] INFO: nodefree found https://nodefree.githubrowcontent.com/2025/12/20251203.yaml
2025-12-07 00:13:23 [simple] INFO: nodefree found https://nodefree.githubrowcontent.com/2025/12/m20251203.yaml
2025-12-07 00:13:23 [simple] INFO: nodefree found https://nodefree.githubrowcontent.com/2025/12/20251204.txt
2025-12-07 00:13:23 [simple] INFO: nodefree found https://nodefree.githubrowcontent.com/2025/12/20251204.yaml
2025-12-07 00:13:23 [simple] INFO: nodefree found https://nodefree.githubrowcontent.com/2025/12/m20251204.yaml
2025-12-07 00:13:23 [simple] INFO: Pipeline got item v2rayshare.yaml
2025-12-07 00:13:23 [simple] INFO: Pipeline processed v2rayshare.yaml
2025-12-07 00:13:23 [simple] INFO: Pipeline got item v2rayshare.yaml
2025-12-07 00:13:23 [simple] INFO: Pipeline processed v2rayshare.yaml
2025-12-07 00:13:23 [simple] INFO: Pipeline got item v2rayshare.yaml
2025-12-07 00:13:23 [simple] INFO: Pipeline processed v2rayshare.yaml
2025-12-07 00:13:23 [simple] INFO: nodev2ray found https://node.nodev2ray.com/uploads/2025/12/0-20251207.txt
2025-12-07 00:13:23 [simple] INFO: nodev2ray found https://node.nodev2ray.com/uploads/2025/12/1-20251207.txt
2025-12-07 00:13:23 [simple] INFO: nodev2ray found https://node.nodev2ray.com/uploads/2025/12/2-20251207.txt
2025-12-07 00:13:23 [simple] INFO: nodev2ray found https://node.nodev2ray.com/uploads/2025/12/4-20251207.txt
2025-12-07 00:13:23 [simple] INFO: nodev2ray found https://node.nodev2ray.com/uploads/2025/12/3-20251207.yaml
2025-12-07 00:13:23 [simple] INFO: nodev2ray found https://node.nodev2ray.com/uploads/2025/12/4-20251207.yaml
2025-12-07 00:13:23 [simple] WARNING: nodev2ray could not parse https://node.nodev2ray.com/uploads/2025/12/20251207.json, skipping
2025-12-07 00:13:23 [simple] INFO: nodev2ray found https://node.nodev2ray.com/uploads/2025/12/0-20251206.txt
2025-12-07 00:13:23 [simple] INFO: nodev2ray found https://node.nodev2ray.com/uploads/2025/12/2-20251206.txt
2025-12-07 00:13:23 [simple] INFO: nodev2ray found https://node.nodev2ray.com/uploads/2025/12/3-20251206.txt
2025-12-07 00:13:23 [simple] INFO: nodev2ray found https://node.nodev2ray.com/uploads/2025/12/4-20251206.txt
2025-12-07 00:13:23 [simple] INFO: nodev2ray found https://node.nodev2ray.com/uploads/2025/12/1-20251206.yaml
2025-12-07 00:13:23 [simple] INFO: nodev2ray found https://node.nodev2ray.com/uploads/2025/12/3-20251206.yaml
2025-12-07 00:13:23 [simple] INFO: nodev2ray found https://node.nodev2ray.com/uploads/2025/12/4-20251206.yaml
2025-12-07 00:13:23 [simple] WARNING: nodev2ray could not parse https://node.nodev2ray.com/uploads/2025/12/20251206.json, skipping
2025-12-07 00:13:23 [simple] INFO: nodev2ray found https://node.nodev2ray.com/uploads/2025/12/0-20251205.txt
2025-12-07 00:13:23 [simple] INFO: nodev2ray found https://node.nodev2ray.com/uploads/2025/12/1-20251205.txt
2025-12-07 00:13:23 [simple] INFO: nodev2ray found https://node.nodev2ray.com/uploads/2025/12/2-20251205.txt
2025-12-07 00:13:23 [simple] INFO: nodev2ray found https://node.nodev2ray.com/uploads/2025/12/3-20251205.txt
2025-12-07 00:13:23 [simple] INFO: nodev2ray found https://node.nodev2ray.com/uploads/2025/12/4-20251205.txt
2025-12-07 00:13:23 [simple] INFO: nodev2ray found https://node.nodev2ray.com/uploads/2025/12/0-20251205.yaml
2025-12-07 00:13:23 [simple] INFO: nodev2ray found https://node.nodev2ray.com/uploads/2025/12/4-20251205.yaml
2025-12-07 00:13:23 [simple] WARNING: nodev2ray could not parse https://node.nodev2ray.com/uploads/2025/12/20251205.json, skipping
2025-12-07 00:13:23 [simple] INFO: Pipeline got item v2rayshare.txt
2025-12-07 00:13:23 [simple] INFO: Pipeline processed v2rayshare.txt
2025-12-07 00:13:23 [simple] INFO: Pipeline got item v2rayshare.txt
2025-12-07 00:13:23 [simple] INFO: Pipeline processed v2rayshare.txt
2025-12-07 00:13:23 [simple] INFO: Pipeline got item v2rayshare.txt
2025-12-07 00:13:23 [simple] INFO: Pipeline processed v2rayshare.txt
2025-12-07 00:13:23 [simple] INFO: Pipeline got item wenode.txt
2025-12-07 00:13:23 [simple] INFO: Pipeline processed wenode.txt
2025-12-07 00:13:23 [simple] INFO: Pipeline got item wenode.yaml
2025-12-07 00:13:23 [simple] INFO: Pipeline processed wenode.yaml
2025-12-07 00:13:23 [simple] INFO: Pipeline got item wenode.yaml
2025-12-07 00:13:23 [simple] INFO: Pipeline processed wenode.yaml
2025-12-07 00:13:23 [simple] INFO: Pipeline got item wenode.yaml
2025-12-07 00:13:23 [simple] INFO: Pipeline processed wenode.yaml
2025-12-07 00:13:23 [simple] INFO: ndnode found https://www.naidounode.com/n/3411.html on 2025-11-30
2025-12-07 00:13:23 [simple] INFO: ndnode found https://www.naidounode.com/n/3409.html on 2025-11-29
2025-12-07 00:13:23 [simple] INFO: ndnode found https://www.naidounode.com/n/3407.html on 2025-11-28
2025-12-07 00:13:23 [simple] INFO: ndnode found https://www.naidounode.com/n/3405.html on 2025-11-27
2025-12-07 00:13:23 [simple] INFO: ndnode needs update, accessing https://www.naidounode.com/n/3423.html
2025-12-07 00:13:23 [simple] INFO: ndnode needs update, accessing https://www.naidounode.com/n/3421.html
2025-12-07 00:13:23 [simple] INFO: ndnode needs update, accessing https://www.naidounode.com/n/3419.html
2025-12-07 00:13:23 [simple] INFO: Pipeline got item nodev2ray.txt
2025-12-07 00:13:23 [simple] INFO: Pipeline processed nodev2ray.txt
2025-12-07 00:13:23 [simple] INFO: Pipeline got item wenode.txt
2025-12-07 00:13:23 [simple] INFO: Pipeline processed wenode.txt
2025-12-07 00:13:23 [simple] INFO: Pipeline got item wenode.txt
2025-12-07 00:13:23 [simple] INFO: Pipeline processed wenode.txt
2025-12-07 00:13:23 [simple] INFO: Pipeline got item wenode.yaml
2025-12-07 00:13:23 [simple] INFO: Pipeline processed wenode.yaml
2025-12-07 00:13:23 [simple] INFO: Pipeline got item wenode.yaml
2025-12-07 00:13:23 [simple] INFO: Pipeline processed wenode.yaml
2025-12-07 00:13:23 [simple] INFO: Pipeline got item wenode.yaml
2025-12-07 00:13:23 [simple] INFO: Pipeline processed wenode.yaml
2025-12-07 00:13:23 [simple] INFO: Pipeline got item nodefree.yaml
2025-12-07 00:13:24 [simple] INFO: Pipeline processed nodefree.yaml
2025-12-07 00:13:24 [simple] INFO: Pipeline got item nodefree.yaml
2025-12-07 00:13:24 [simple] INFO: Pipeline processed nodefree.yaml
2025-12-07 00:13:24 [simple] INFO: Pipeline got item nodefree.yaml
2025-12-07 00:13:24 [simple] INFO: Pipeline processed nodefree.yaml
2025-12-07 00:13:24 [simple] INFO: Pipeline got item nodefree.txt
2025-12-07 00:13:24 [simple] INFO: Pipeline processed nodefree.txt
2025-12-07 00:13:24 [simple] INFO: Pipeline got item nodefree.txt
2025-12-07 00:13:24 [simple] INFO: Pipeline processed nodefree.txt
2025-12-07 00:13:24 [simple] INFO: Pipeline got item nodefree.txt
2025-12-07 00:13:24 [simple] INFO: Pipeline processed nodefree.txt
2025-12-07 00:13:24 [simple] INFO: Pipeline got item nodev2ray.txt
2025-12-07 00:13:24 [simple] INFO: Pipeline processed nodev2ray.txt
2025-12-07 00:13:24 [simple] INFO: Pipeline got item nodev2ray.txt
2025-12-07 00:13:24 [simple] INFO: Pipeline processed nodev2ray.txt
2025-12-07 00:13:24 [simple] INFO: Pipeline got item nodev2ray.txt
2025-12-07 00:13:24 [simple] INFO: Pipeline processed nodev2ray.txt
2025-12-07 00:13:24 [simple] INFO: Pipeline got item nodev2ray.txt
2025-12-07 00:13:24 [simple] INFO: Pipeline processed nodev2ray.txt
2025-12-07 00:13:24 [simple] INFO: Pipeline got item nodefree.yaml
2025-12-07 00:13:24 [simple] INFO: Pipeline processed nodefree.yaml
2025-12-07 00:13:24 [simple] INFO: Pipeline got item nodev2ray.txt
2025-12-07 00:13:24 [simple] INFO: Pipeline processed nodev2ray.txt
2025-12-07 00:13:24 [simple] INFO: Pipeline got item nodev2ray.yaml
2025-12-07 00:13:24 [simple] INFO: Pipeline processed nodev2ray.yaml
2025-12-07 00:13:24 [simple] INFO: Pipeline got item nodev2ray.yaml
2025-12-07 00:13:24 [simple] INFO: Pipeline processed nodev2ray.yaml
2025-12-07 00:13:24 [simple] INFO: Pipeline got item nodev2ray.txt
2025-12-07 00:13:24 [simple] INFO: Pipeline processed nodev2ray.txt
2025-12-07 00:13:24 [simple] INFO: Pipeline got item nodev2ray.yaml
2025-12-07 00:13:25 [simple] INFO: Pipeline processed nodev2ray.yaml
2025-12-07 00:13:25 [simple] INFO: Pipeline got item nodev2ray.txt
2025-12-07 00:13:25 [simple] INFO: Pipeline processed nodev2ray.txt
2025-12-07 00:13:25 [simple] INFO: Pipeline got item nodev2ray.txt
2025-12-07 00:13:25 [simple] INFO: Pipeline processed nodev2ray.txt
2025-12-07 00:13:25 [simple] INFO: Pipeline got item nodev2ray.txt
2025-12-07 00:13:25 [simple] INFO: Pipeline processed nodev2ray.txt
2025-12-07 00:13:25 [simple] INFO: Pipeline got item nodev2ray.txt
2025-12-07 00:13:25 [simple] INFO: Pipeline processed nodev2ray.txt
2025-12-07 00:13:25 [simple] INFO: Pipeline got item nodefree.yaml
2025-12-07 00:13:25 [simple] INFO: Pipeline processed nodefree.yaml
2025-12-07 00:13:25 [simple] INFO: Pipeline got item nodefree.yaml
2025-12-07 00:13:25 [simple] INFO: Pipeline processed nodefree.yaml
2025-12-07 00:13:25 [simple] INFO: Pipeline got item nodev2ray.txt
2025-12-07 00:13:25 [simple] INFO: Pipeline processed nodev2ray.txt
2025-12-07 00:13:25 [simple] INFO: ndnode found http://naidounode.cczzuu.top/node/20251206-v2ray.txt
2025-12-07 00:13:25 [simple] INFO: ndnode found http://naidounode.cczzuu.top/node/20251206-clash.yaml
2025-12-07 00:13:25 [simple] INFO: Pipeline got item nodev2ray.txt
2025-12-07 00:13:25 [simple] INFO: Pipeline processed nodev2ray.txt
2025-12-07 00:13:25 [simple] INFO: Pipeline got item nodev2ray.yaml
2025-12-07 00:13:25 [simple] INFO: Pipeline processed nodev2ray.yaml
2025-12-07 00:13:25 [simple] INFO: Pipeline got item nodev2ray.yaml
2025-12-07 00:13:27 [simple] INFO: Pipeline processed nodev2ray.yaml
2025-12-07 00:13:27 [simple] INFO: Pipeline got item nodev2ray.yaml
2025-12-07 00:13:30 [simple] INFO: Pipeline processed nodev2ray.yaml
2025-12-07 00:13:30 [simple] INFO: ndnode found http://naidounode.cczzuu.top/node/20251205-v2ray.txt
2025-12-07 00:13:30 [simple] INFO: ndnode found http://naidounode.cczzuu.top/node/20251205-clash.yaml
2025-12-07 00:13:30 [simple] INFO: ndnode found http://naidounode.cczzuu.top/node/20251204-v2ray.txt
2025-12-07 00:13:30 [simple] INFO: ndnode found http://naidounode.cczzuu.top/node/20251204-clash.yaml
2025-12-07 00:13:30 [simple] INFO: Pipeline got item nodev2ray.yaml
2025-12-07 00:13:34 [simple] INFO: Pipeline processed nodev2ray.yaml
2025-12-07 00:13:34 [simple] INFO: Pipeline got item ndnode.txt
2025-12-07 00:13:34 [simple] INFO: Pipeline processed ndnode.txt
2025-12-07 00:13:34 [simple] INFO: Pipeline got item ndnode.txt
2025-12-07 00:13:34 [simple] INFO: Pipeline processed ndnode.txt
2025-12-07 00:13:34 [simple] INFO: Pipeline got item ndnode.txt
2025-12-07 00:13:34 [simple] INFO: Pipeline processed ndnode.txt
2025-12-07 00:13:34 [simple] INFO: Pipeline got item ndnode.yaml
2025-12-07 00:13:34 [simple] INFO: Pipeline processed ndnode.yaml
2025-12-07 00:13:35 [simple] INFO: Pipeline got item ndnode.yaml
2025-12-07 00:13:35 [simple] INFO: Pipeline processed ndnode.yaml
2025-12-07 00:13:35 [simple] INFO: Pipeline got item ndnode.yaml
2025-12-07 00:13:35 [simple] INFO: Pipeline processed ndnode.yaml
2025-12-07 00:13:35 [scrapy.core.engine] INFO: Closing spider (finished)
2025-12-07 00:13:35 [scrapy.statscollectors] INFO: Dumping Scrapy stats:
{'downloader/request_bytes': 31144,
 'downloader/request_count': 76,
 'downloader/request_method_count/GET': 76,
 'downloader/response_bytes': 6203076,
 'downloader/response_count': 76,
 'downloader/response_status_count/200': 73,
 'downloader/response_status_count/301': 3,
 'dupefilter/filtered': 4,
 'elapsed_time_seconds': 13.493961,
 'finish_reason': 'finished',
 'finish_time': datetime.datetime(2025, 12, 7, 0, 13, 35, 711586, tzinfo=datetime.timezone.utc),
 'httpcompression/response_bytes': 2122852,
 'httpcompression/response_count': 48,
 'item_scraped_count': 50,
 'items_per_minute': 230.76923076923077,
 'log_count/INFO': 224,
 'log_count/WARNING': 8,
 'memusage/max': 181837824,
 'memusage/startup': 181837824,
 'request_depth_max': 2,
 'response_received_count': 73,
 'responses_per_minute': 336.9230769230769,
 'scheduler/dequeued': 76,
 'scheduler/dequeued/memory': 76,
 'scheduler/enqueued': 76,
 'scheduler/enqueued/memory': 76,
 'start_time': datetime.datetime(2025, 12, 7, 0, 13, 22, 217625, tzinfo=datetime.timezone.utc)}
2025-12-07 00:13:35 [scrapy.core.engine] INFO: Spider closed (finished)
2025-12-07 00:13:38 [scrapy.addons] INFO: Enabled addons:
[]
2025-12-07 00:13:38 [py.warnings] WARNING: /opt/hostedtoolcache/Python/3.12.12/x64/lib/python3.12/site-packages/scrapy/utils/request.py:120: ScrapyDeprecationWarning: 'REQUEST_FINGERPRINTER_IMPLEMENTATION' is a deprecated setting.
It will be removed in a future version of Scrapy.
  return cls(crawler)

2025-12-07 00:13:38 [scrapy.extensions.telnet] INFO: Telnet Password: 5692ac24046be982
2025-12-07 00:13:38 [scrapy.middleware] INFO: Enabled extensions:
['scrapy.extensions.corestats.CoreStats',
 'scrapy.extensions.telnet.TelnetConsole',
 'scrapy.extensions.memusage.MemoryUsage',
 'scrapy.extensions.logstats.LogStats']
2025-12-07 00:13:38 [scrapy.crawler] INFO: Overridden settings:
{'BOT_NAME': 'NodeScrapy',
 'FEED_EXPORT_ENCODING': 'utf-8',
 'LOG_FILE': 'scrapy.log',
 'LOG_LEVEL': 'INFO',
 'NEWSPIDER_MODULE': 'NodeScrapy.spiders',
 'REQUEST_FINGERPRINTER_IMPLEMENTATION': '2.7',
 'SPIDER_MODULES': ['NodeScrapy.spiders']}
2025-12-07 00:13:38 [scrapy.middleware] INFO: Enabled downloader middlewares:
['scrapy.downloadermiddlewares.offsite.OffsiteMiddleware',
 'scrapy.downloadermiddlewares.httpauth.HttpAuthMiddleware',
 'scrapy.downloadermiddlewares.downloadtimeout.DownloadTimeoutMiddleware',
 'scrapy.downloadermiddlewares.defaultheaders.DefaultHeadersMiddleware',
 'NodeScrapy.middlewares.RandomUserAgentMiddleware',
 'scrapy.downloadermiddlewares.useragent.UserAgentMiddleware',
 'scrapy.downloadermiddlewares.retry.RetryMiddleware',
 'scrapy.downloadermiddlewares.redirect.MetaRefreshMiddleware',
 'scrapy.downloadermiddlewares.httpcompression.HttpCompressionMiddleware',
 'scrapy.downloadermiddlewares.redirect.RedirectMiddleware',
 'scrapy.downloadermiddlewares.cookies.CookiesMiddleware',
 'scrapy.downloadermiddlewares.httpproxy.HttpProxyMiddleware',
 'scrapy.downloadermiddlewares.stats.DownloaderStats']
2025-12-07 00:13:38 [scrapy.middleware] INFO: Enabled spider middlewares:
['scrapy.spidermiddlewares.start.StartSpiderMiddleware',
 'scrapy.spidermiddlewares.httperror.HttpErrorMiddleware',
 'scrapy.spidermiddlewares.referer.RefererMiddleware',
 'scrapy.spidermiddlewares.urllength.UrlLengthMiddleware',
 'scrapy.spidermiddlewares.depth.DepthMiddleware']
2025-12-07 00:13:38 [scrapy.middleware] INFO: Enabled item pipelines:
['NodeScrapy.pipelines.Pipeline']
2025-12-07 00:13:38 [scrapy.core.engine] INFO: Spider opened
2025-12-07 00:13:38 [py.warnings] WARNING: /opt/hostedtoolcache/Python/3.12.12/x64/lib/python3.12/site-packages/scrapy/core/spidermw.py:433: ScrapyDeprecationWarning: NodeScrapy.spiders.SimpleSpider.SimpleSpider (inherited by NodeScrapy.spiders.DecryptSpider.DecryptSpider) defines the deprecated start_requests() method. start_requests() has been deprecated in favor of a new method, start(), to support asynchronous code execution. start_requests() will stop being called in a future version of Scrapy. If you use Scrapy 2.13 or higher only, replace start_requests() with start(); note that start() is a coroutine (async def). If you need to maintain compatibility with lower Scrapy versions, when overriding start_requests() in a spider class, override start() as well; you can use super() to reuse the inherited start() implementation without copy-pasting. See the release notes of Scrapy 2.13 for details: https://docs.scrapy.org/en/2.13/news.html
  warn(

2025-12-07 00:13:38 [scrapy.extensions.logstats] INFO: Crawled 0 pages (at 0 pages/min), scraped 0 items (at 0 items/min)
2025-12-07 00:13:38 [scrapy.extensions.telnet] INFO: Telnet console listening on 127.0.0.1:6023
2025-12-07 00:13:38 [decrypt] INFO: yudou66 start
2025-12-07 00:13:38 [decrypt] INFO: blues start
2025-12-07 00:13:38 [decrypt] INFO: yudou66 found http://www.yudou6677.top/2025/11/202511301361080p4kv2rayclashsing.html on 2025-11-30
2025-12-07 00:13:38 [decrypt] INFO: yudou66 found http://www.yudou6677.top/2025/11/202511291391080p4kv2rayclashsing.html on 2025-11-29
2025-12-07 00:13:38 [decrypt] INFO: yudou66 found http://www.yudou6677.top/2025/11/202511281401080p4kv2rayclashsing.html on 2025-11-28
2025-12-07 00:13:38 [decrypt] INFO: yudou66 needs update, accessing http://www.yudou6677.top/2025/12/202512061581080p4kv2rayclashsing.html
2025-12-07 00:13:38 [decrypt] INFO: yudou66 needs update, accessing http://www.yudou6677.top/2025/12/20251205951080p4kv2rayclashsing.html
2025-12-07 00:13:38 [decrypt] INFO: yudou66 needs update, accessing http://www.yudou6677.top/2025/12/20251204921080p4kv2rayclashsing.html
2025-12-07 00:13:38 [decrypt] INFO: blues found https://blues2022.blogspot.com/2025/11/202511304kchatgpt4k8kclashv2ray.html on 2025-11-30
2025-12-07 00:13:38 [decrypt] INFO: blues found https://blues2022.blogspot.com/2025/11/202511294kchatgpt4k8kclashv2ray.html on 2025-11-29
2025-12-07 00:13:38 [decrypt] INFO: blues found https://blues2022.blogspot.com/2025/11/202511284kchatgpt4k8kclashv2ray.html on 2025-11-28
2025-12-07 00:13:38 [decrypt] INFO: blues found https://blues2022.blogspot.com/2025/11/202511274kchatgpt4k8kclashv2ray.html on 2025-11-27
2025-12-07 00:13:38 [decrypt] INFO: blues needs update, accessing https://blues2022.blogspot.com/2025/12/20251264kchatgpt4k8kclashv2ray.html
2025-12-07 00:13:38 [decrypt] INFO: blues needs update, accessing https://blues2022.blogspot.com/2025/12/20251254kchatgpt4k8kclashv2ray.html
2025-12-07 00:13:38 [decrypt] INFO: blues needs update, accessing https://blues2022.blogspot.com/2025/12/20251244kchatgpt4k8kclashv2ray.html
2025-12-07 00:13:39 [decrypt] INFO: yudou66 found https://yy.yudou66.top/202512/20251204bas2se.txt
2025-12-07 00:13:41 [decrypt] WARNING: blues 3300 got 密碼錯誤
2025-12-07 00:13:42 [decrypt] WARNING: blues 0000 got 密碼錯誤
2025-12-07 00:13:44 [decrypt] WARNING: blues 0011 got 密碼錯誤
2025-12-07 00:13:45 [decrypt] WARNING: blues 0022 got 密碼錯誤
2025-12-07 00:13:47 [decrypt] WARNING: blues 0033 got 密碼錯誤
2025-12-07 00:13:48 [decrypt] WARNING: blues 0044 got 密碼錯誤
2025-12-07 00:13:50 [decrypt] WARNING: blues 0055 got 密碼錯誤
2025-12-07 00:13:51 [decrypt] WARNING: blues 0066 got 密碼錯誤
2025-12-07 00:13:53 [decrypt] WARNING: blues 0077 got 密碼錯誤
2025-12-07 00:13:54 [decrypt] WARNING: blues 0088 got 密碼錯誤
2025-12-07 00:13:57 [decrypt] INFO: blues saved new password 0099
2025-12-07 00:13:58 [decrypt] WARNING: yudou66 8899 got 密碼錯誤
2025-12-07 00:13:59 [decrypt] WARNING: yudou66 0000 got 密碼錯誤
2025-12-07 00:13:59 [decrypt] WARNING: yudou66 0011 got 密碼錯誤
2025-12-07 00:13:59 [decrypt] WARNING: yudou66 0022 got 密碼錯誤
2025-12-07 00:15:59 [scrapy.core.scraper] ERROR: Spider error processing <GET http://www.yudou6677.top/2025/12/202512061581080p4kv2rayclashsing.html> (referer: None)
Traceback (most recent call last):
  File "/opt/hostedtoolcache/Python/3.12.12/x64/lib/python3.12/site-packages/urllib3/connectionpool.py", line 534, in _make_request
    response = conn.getresponse()
               ^^^^^^^^^^^^^^^^^^
  File "/opt/hostedtoolcache/Python/3.12.12/x64/lib/python3.12/site-packages/urllib3/connection.py", line 571, in getresponse
    httplib_response = super().getresponse()
                       ^^^^^^^^^^^^^^^^^^^^^
  File "/opt/hostedtoolcache/Python/3.12.12/x64/lib/python3.12/http/client.py", line 1430, in getresponse
    response.begin()
  File "/opt/hostedtoolcache/Python/3.12.12/x64/lib/python3.12/http/client.py", line 331, in begin
    version, status, reason = self._read_status()
                              ^^^^^^^^^^^^^^^^^^^
  File "/opt/hostedtoolcache/Python/3.12.12/x64/lib/python3.12/http/client.py", line 292, in _read_status
    line = str(self.fp.readline(_MAXLINE + 1), "iso-8859-1")
               ^^^^^^^^^^^^^^^^^^^^^^^^^^^^^^
  File "/opt/hostedtoolcache/Python/3.12.12/x64/lib/python3.12/socket.py", line 720, in readinto
    return self._sock.recv_into(b)
           ^^^^^^^^^^^^^^^^^^^^^^^
TimeoutError: timed out

The above exception was the direct cause of the following exception:

Traceback (most recent call last):
  File "/opt/hostedtoolcache/Python/3.12.12/x64/lib/python3.12/site-packages/scrapy/utils/defer.py", line 343, in iter_errback
    yield next(it)
          ^^^^^^^^
  File "/opt/hostedtoolcache/Python/3.12.12/x64/lib/python3.12/site-packages/scrapy/utils/python.py", line 369, in __next__
    return next(self.data)
           ^^^^^^^^^^^^^^^
  File "/opt/hostedtoolcache/Python/3.12.12/x64/lib/python3.12/site-packages/scrapy/utils/python.py", line 369, in __next__
    return next(self.data)
           ^^^^^^^^^^^^^^^
  File "/opt/hostedtoolcache/Python/3.12.12/x64/lib/python3.12/site-packages/scrapy/core/spidermw.py", line 167, in process_sync
    yield from iterable
  File "/opt/hostedtoolcache/Python/3.12.12/x64/lib/python3.12/site-packages/scrapy/spidermiddlewares/base.py", line 58, in process_spider_output
    for o in result:
             ^^^^^^
  File "/opt/hostedtoolcache/Python/3.12.12/x64/lib/python3.12/site-packages/scrapy/core/spidermw.py", line 167, in process_sync
    yield from iterable
  File "/opt/hostedtoolcache/Python/3.12.12/x64/lib/python3.12/site-packages/scrapy/spidermiddlewares/base.py", line 58, in process_spider_output
    for o in result:
             ^^^^^^
  File "/opt/hostedtoolcache/Python/3.12.12/x64/lib/python3.12/site-packages/scrapy/core/spidermw.py", line 167, in process_sync
    yield from iterable
  File "/opt/hostedtoolcache/Python/3.12.12/x64/lib/python3.12/site-packages/scrapy/spidermiddlewares/base.py", line 58, in process_spider_output
    for o in result:
             ^^^^^^
  File "/opt/hostedtoolcache/Python/3.12.12/x64/lib/python3.12/site-packages/scrapy/core/spidermw.py", line 167, in process_sync
    yield from iterable
  File "/opt/hostedtoolcache/Python/3.12.12/x64/lib/python3.12/site-packages/scrapy/spidermiddlewares/depth.py", line 59, in process_spider_output
    yield from super().process_spider_output(response, result, spider)
  File "/opt/hostedtoolcache/Python/3.12.12/x64/lib/python3.12/site-packages/scrapy/spidermiddlewares/base.py", line 58, in process_spider_output
    for o in result:
             ^^^^^^
  File "/opt/hostedtoolcache/Python/3.12.12/x64/lib/python3.12/site-packages/scrapy/core/spidermw.py", line 167, in process_sync
    yield from iterable
  File "/home/runner/work/fn/fn/NodeScrapy/spiders/DecryptSpider.py", line 97, in parse_blog
    ok, msg = self._decrypt(response.url, method, pwd)
              ^^^^^^^^^^^^^^^^^^^^^^^^^^^^^^^^^^^^^^^^
  File "/home/runner/work/fn/fn/NodeScrapy/spiders/DecryptSpider.py", line 46, in _decrypt
    self.driver.get(url)
  File "/opt/hostedtoolcache/Python/3.12.12/x64/lib/python3.12/site-packages/selenium/webdriver/remote/webdriver.py", line 452, in get
    self.execute(Command.GET, {"url": url})
  File "/opt/hostedtoolcache/Python/3.12.12/x64/lib/python3.12/site-packages/selenium/webdriver/remote/webdriver.py", line 429, in execute
    response = cast(RemoteConnection, self.command_executor).execute(driver_command, params)
               ^^^^^^^^^^^^^^^^^^^^^^^^^^^^^^^^^^^^^^^^^^^^^^^^^^^^^^^^^^^^^^^^^^^^^^^^^^^^^
  File "/opt/hostedtoolcache/Python/3.12.12/x64/lib/python3.12/site-packages/selenium/webdriver/remote/remote_connection.py", line 405, in execute
    return self._request(command_info[0], url, body=data)
           ^^^^^^^^^^^^^^^^^^^^^^^^^^^^^^^^^^^^^^^^^^^^^^
  File "/opt/hostedtoolcache/Python/3.12.12/x64/lib/python3.12/site-packages/selenium/webdriver/remote/remote_connection.py", line 429, in _request
    response = self._conn.request(method, url, body=body, headers=headers, timeout=self._client_config.timeout)
               ^^^^^^^^^^^^^^^^^^^^^^^^^^^^^^^^^^^^^^^^^^^^^^^^^^^^^^^^^^^^^^^^^^^^^^^^^^^^^^^^^^^^^^^^^^^^^^^^
  File "/opt/hostedtoolcache/Python/3.12.12/x64/lib/python3.12/site-packages/urllib3/_request_methods.py", line 143, in request
    return self.request_encode_body(
           ^^^^^^^^^^^^^^^^^^^^^^^^^
  File "/opt/hostedtoolcache/Python/3.12.12/x64/lib/python3.12/site-packages/urllib3/_request_methods.py", line 278, in request_encode_body
    return self.urlopen(method, url, **extra_kw)
           ^^^^^^^^^^^^^^^^^^^^^^^^^^^^^^^^^^^^^
  File "/opt/hostedtoolcache/Python/3.12.12/x64/lib/python3.12/site-packages/urllib3/poolmanager.py", line 457, in urlopen
    response = conn.urlopen(method, u.request_uri, **kw)
               ^^^^^^^^^^^^^^^^^^^^^^^^^^^^^^^^^^^^^^^^^
  File "/opt/hostedtoolcache/Python/3.12.12/x64/lib/python3.12/site-packages/urllib3/connectionpool.py", line 841, in urlopen
    retries = retries.increment(
              ^^^^^^^^^^^^^^^^^^
  File "/opt/hostedtoolcache/Python/3.12.12/x64/lib/python3.12/site-packages/urllib3/util/retry.py", line 474, in increment
    raise reraise(type(error), error, _stacktrace)
          ^^^^^^^^^^^^^^^^^^^^^^^^^^^^^^^^^^^^^^^^
  File "/opt/hostedtoolcache/Python/3.12.12/x64/lib/python3.12/site-packages/urllib3/util/util.py", line 39, in reraise
    raise value
  File "/opt/hostedtoolcache/Python/3.12.12/x64/lib/python3.12/site-packages/urllib3/connectionpool.py", line 787, in urlopen
    response = self._make_request(
               ^^^^^^^^^^^^^^^^^^^
  File "/opt/hostedtoolcache/Python/3.12.12/x64/lib/python3.12/site-packages/urllib3/connectionpool.py", line 536, in _make_request
    self._raise_timeout(err=e, url=url, timeout_value=read_timeout)
  File "/opt/hostedtoolcache/Python/3.12.12/x64/lib/python3.12/site-packages/urllib3/connectionpool.py", line 367, in _raise_timeout
    raise ReadTimeoutError(
urllib3.exceptions.ReadTimeoutError: HTTPConnectionPool(host='localhost', port=55695): Read timed out. (read timeout=120)
2025-12-07 00:17:59 [scrapy.core.scraper] ERROR: Spider error processing <GET http://www.yudou6677.top/2025/12/20251205951080p4kv2rayclashsing.html?m=1> (referer: None)
Traceback (most recent call last):
  File "/opt/hostedtoolcache/Python/3.12.12/x64/lib/python3.12/site-packages/urllib3/connectionpool.py", line 534, in _make_request
    response = conn.getresponse()
               ^^^^^^^^^^^^^^^^^^
  File "/opt/hostedtoolcache/Python/3.12.12/x64/lib/python3.12/site-packages/urllib3/connection.py", line 571, in getresponse
    httplib_response = super().getresponse()
                       ^^^^^^^^^^^^^^^^^^^^^
  File "/opt/hostedtoolcache/Python/3.12.12/x64/lib/python3.12/http/client.py", line 1430, in getresponse
    response.begin()
  File "/opt/hostedtoolcache/Python/3.12.12/x64/lib/python3.12/http/client.py", line 331, in begin
    version, status, reason = self._read_status()
                              ^^^^^^^^^^^^^^^^^^^
  File "/opt/hostedtoolcache/Python/3.12.12/x64/lib/python3.12/http/client.py", line 292, in _read_status
    line = str(self.fp.readline(_MAXLINE + 1), "iso-8859-1")
               ^^^^^^^^^^^^^^^^^^^^^^^^^^^^^^
  File "/opt/hostedtoolcache/Python/3.12.12/x64/lib/python3.12/socket.py", line 720, in readinto
    return self._sock.recv_into(b)
           ^^^^^^^^^^^^^^^^^^^^^^^
TimeoutError: timed out

The above exception was the direct cause of the following exception:

Traceback (most recent call last):
  File "/opt/hostedtoolcache/Python/3.12.12/x64/lib/python3.12/site-packages/scrapy/utils/defer.py", line 343, in iter_errback
    yield next(it)
          ^^^^^^^^
  File "/opt/hostedtoolcache/Python/3.12.12/x64/lib/python3.12/site-packages/scrapy/utils/python.py", line 369, in __next__
    return next(self.data)
           ^^^^^^^^^^^^^^^
  File "/opt/hostedtoolcache/Python/3.12.12/x64/lib/python3.12/site-packages/scrapy/utils/python.py", line 369, in __next__
    return next(self.data)
           ^^^^^^^^^^^^^^^
  File "/opt/hostedtoolcache/Python/3.12.12/x64/lib/python3.12/site-packages/scrapy/core/spidermw.py", line 167, in process_sync
    yield from iterable
  File "/opt/hostedtoolcache/Python/3.12.12/x64/lib/python3.12/site-packages/scrapy/spidermiddlewares/base.py", line 58, in process_spider_output
    for o in result:
             ^^^^^^
  File "/opt/hostedtoolcache/Python/3.12.12/x64/lib/python3.12/site-packages/scrapy/core/spidermw.py", line 167, in process_sync
    yield from iterable
  File "/opt/hostedtoolcache/Python/3.12.12/x64/lib/python3.12/site-packages/scrapy/spidermiddlewares/base.py", line 58, in process_spider_output
    for o in result:
             ^^^^^^
  File "/opt/hostedtoolcache/Python/3.12.12/x64/lib/python3.12/site-packages/scrapy/core/spidermw.py", line 167, in process_sync
    yield from iterable
  File "/opt/hostedtoolcache/Python/3.12.12/x64/lib/python3.12/site-packages/scrapy/spidermiddlewares/base.py", line 58, in process_spider_output
    for o in result:
             ^^^^^^
  File "/opt/hostedtoolcache/Python/3.12.12/x64/lib/python3.12/site-packages/scrapy/core/spidermw.py", line 167, in process_sync
    yield from iterable
  File "/opt/hostedtoolcache/Python/3.12.12/x64/lib/python3.12/site-packages/scrapy/spidermiddlewares/depth.py", line 59, in process_spider_output
    yield from super().process_spider_output(response, result, spider)
  File "/opt/hostedtoolcache/Python/3.12.12/x64/lib/python3.12/site-packages/scrapy/spidermiddlewares/base.py", line 58, in process_spider_output
    for o in result:
             ^^^^^^
  File "/opt/hostedtoolcache/Python/3.12.12/x64/lib/python3.12/site-packages/scrapy/core/spidermw.py", line 167, in process_sync
    yield from iterable
  File "/home/runner/work/fn/fn/NodeScrapy/spiders/DecryptSpider.py", line 97, in parse_blog
    ok, msg = self._decrypt(response.url, method, pwd)
              ^^^^^^^^^^^^^^^^^^^^^^^^^^^^^^^^^^^^^^^^
  File "/home/runner/work/fn/fn/NodeScrapy/spiders/DecryptSpider.py", line 46, in _decrypt
    self.driver.get(url)
  File "/opt/hostedtoolcache/Python/3.12.12/x64/lib/python3.12/site-packages/selenium/webdriver/remote/webdriver.py", line 452, in get
    self.execute(Command.GET, {"url": url})
  File "/opt/hostedtoolcache/Python/3.12.12/x64/lib/python3.12/site-packages/selenium/webdriver/remote/webdriver.py", line 429, in execute
    response = cast(RemoteConnection, self.command_executor).execute(driver_command, params)
               ^^^^^^^^^^^^^^^^^^^^^^^^^^^^^^^^^^^^^^^^^^^^^^^^^^^^^^^^^^^^^^^^^^^^^^^^^^^^^
  File "/opt/hostedtoolcache/Python/3.12.12/x64/lib/python3.12/site-packages/selenium/webdriver/remote/remote_connection.py", line 405, in execute
    return self._request(command_info[0], url, body=data)
           ^^^^^^^^^^^^^^^^^^^^^^^^^^^^^^^^^^^^^^^^^^^^^^
  File "/opt/hostedtoolcache/Python/3.12.12/x64/lib/python3.12/site-packages/selenium/webdriver/remote/remote_connection.py", line 429, in _request
    response = self._conn.request(method, url, body=body, headers=headers, timeout=self._client_config.timeout)
               ^^^^^^^^^^^^^^^^^^^^^^^^^^^^^^^^^^^^^^^^^^^^^^^^^^^^^^^^^^^^^^^^^^^^^^^^^^^^^^^^^^^^^^^^^^^^^^^^
  File "/opt/hostedtoolcache/Python/3.12.12/x64/lib/python3.12/site-packages/urllib3/_request_methods.py", line 143, in request
    return self.request_encode_body(
           ^^^^^^^^^^^^^^^^^^^^^^^^^
  File "/opt/hostedtoolcache/Python/3.12.12/x64/lib/python3.12/site-packages/urllib3/_request_methods.py", line 278, in request_encode_body
    return self.urlopen(method, url, **extra_kw)
           ^^^^^^^^^^^^^^^^^^^^^^^^^^^^^^^^^^^^^
  File "/opt/hostedtoolcache/Python/3.12.12/x64/lib/python3.12/site-packages/urllib3/poolmanager.py", line 457, in urlopen
    response = conn.urlopen(method, u.request_uri, **kw)
               ^^^^^^^^^^^^^^^^^^^^^^^^^^^^^^^^^^^^^^^^^
  File "/opt/hostedtoolcache/Python/3.12.12/x64/lib/python3.12/site-packages/urllib3/connectionpool.py", line 841, in urlopen
    retries = retries.increment(
              ^^^^^^^^^^^^^^^^^^
  File "/opt/hostedtoolcache/Python/3.12.12/x64/lib/python3.12/site-packages/urllib3/util/retry.py", line 474, in increment
    raise reraise(type(error), error, _stacktrace)
          ^^^^^^^^^^^^^^^^^^^^^^^^^^^^^^^^^^^^^^^^
  File "/opt/hostedtoolcache/Python/3.12.12/x64/lib/python3.12/site-packages/urllib3/util/util.py", line 39, in reraise
    raise value
  File "/opt/hostedtoolcache/Python/3.12.12/x64/lib/python3.12/site-packages/urllib3/connectionpool.py", line 787, in urlopen
    response = self._make_request(
               ^^^^^^^^^^^^^^^^^^^
  File "/opt/hostedtoolcache/Python/3.12.12/x64/lib/python3.12/site-packages/urllib3/connectionpool.py", line 536, in _make_request
    self._raise_timeout(err=e, url=url, timeout_value=read_timeout)
  File "/opt/hostedtoolcache/Python/3.12.12/x64/lib/python3.12/site-packages/urllib3/connectionpool.py", line 367, in _raise_timeout
    raise ReadTimeoutError(
urllib3.exceptions.ReadTimeoutError: HTTPConnectionPool(host='localhost', port=55695): Read timed out. (read timeout=120)
2025-12-07 00:19:59 [scrapy.core.scraper] ERROR: Spider error processing <GET https://blues2022.blogspot.com/2025/12/20251244kchatgpt4k8kclashv2ray.html> (referer: https://blues2022.blogspot.com/?m=1)
Traceback (most recent call last):
  File "/opt/hostedtoolcache/Python/3.12.12/x64/lib/python3.12/site-packages/urllib3/connectionpool.py", line 534, in _make_request
    response = conn.getresponse()
               ^^^^^^^^^^^^^^^^^^
  File "/opt/hostedtoolcache/Python/3.12.12/x64/lib/python3.12/site-packages/urllib3/connection.py", line 571, in getresponse
    httplib_response = super().getresponse()
                       ^^^^^^^^^^^^^^^^^^^^^
  File "/opt/hostedtoolcache/Python/3.12.12/x64/lib/python3.12/http/client.py", line 1430, in getresponse
    response.begin()
  File "/opt/hostedtoolcache/Python/3.12.12/x64/lib/python3.12/http/client.py", line 331, in begin
    version, status, reason = self._read_status()
                              ^^^^^^^^^^^^^^^^^^^
  File "/opt/hostedtoolcache/Python/3.12.12/x64/lib/python3.12/http/client.py", line 292, in _read_status
    line = str(self.fp.readline(_MAXLINE + 1), "iso-8859-1")
               ^^^^^^^^^^^^^^^^^^^^^^^^^^^^^^
  File "/opt/hostedtoolcache/Python/3.12.12/x64/lib/python3.12/socket.py", line 720, in readinto
    return self._sock.recv_into(b)
           ^^^^^^^^^^^^^^^^^^^^^^^
TimeoutError: timed out

The above exception was the direct cause of the following exception:

Traceback (most recent call last):
  File "/opt/hostedtoolcache/Python/3.12.12/x64/lib/python3.12/site-packages/scrapy/utils/defer.py", line 343, in iter_errback
    yield next(it)
          ^^^^^^^^
  File "/opt/hostedtoolcache/Python/3.12.12/x64/lib/python3.12/site-packages/scrapy/utils/python.py", line 369, in __next__
    return next(self.data)
           ^^^^^^^^^^^^^^^
  File "/opt/hostedtoolcache/Python/3.12.12/x64/lib/python3.12/site-packages/scrapy/utils/python.py", line 369, in __next__
    return next(self.data)
           ^^^^^^^^^^^^^^^
  File "/opt/hostedtoolcache/Python/3.12.12/x64/lib/python3.12/site-packages/scrapy/core/spidermw.py", line 167, in process_sync
    yield from iterable
  File "/opt/hostedtoolcache/Python/3.12.12/x64/lib/python3.12/site-packages/scrapy/spidermiddlewares/base.py", line 58, in process_spider_output
    for o in result:
             ^^^^^^
  File "/opt/hostedtoolcache/Python/3.12.12/x64/lib/python3.12/site-packages/scrapy/core/spidermw.py", line 167, in process_sync
    yield from iterable
  File "/opt/hostedtoolcache/Python/3.12.12/x64/lib/python3.12/site-packages/scrapy/spidermiddlewares/base.py", line 58, in process_spider_output
    for o in result:
             ^^^^^^
  File "/opt/hostedtoolcache/Python/3.12.12/x64/lib/python3.12/site-packages/scrapy/core/spidermw.py", line 167, in process_sync
    yield from iterable
  File "/opt/hostedtoolcache/Python/3.12.12/x64/lib/python3.12/site-packages/scrapy/spidermiddlewares/base.py", line 58, in process_spider_output
    for o in result:
             ^^^^^^
  File "/opt/hostedtoolcache/Python/3.12.12/x64/lib/python3.12/site-packages/scrapy/core/spidermw.py", line 167, in process_sync
    yield from iterable
  File "/opt/hostedtoolcache/Python/3.12.12/x64/lib/python3.12/site-packages/scrapy/spidermiddlewares/depth.py", line 59, in process_spider_output
    yield from super().process_spider_output(response, result, spider)
  File "/opt/hostedtoolcache/Python/3.12.12/x64/lib/python3.12/site-packages/scrapy/spidermiddlewares/base.py", line 58, in process_spider_output
    for o in result:
             ^^^^^^
  File "/opt/hostedtoolcache/Python/3.12.12/x64/lib/python3.12/site-packages/scrapy/core/spidermw.py", line 167, in process_sync
    yield from iterable
  File "/home/runner/work/fn/fn/NodeScrapy/spiders/DecryptSpider.py", line 97, in parse_blog
    ok, msg = self._decrypt(response.url, method, pwd)
              ^^^^^^^^^^^^^^^^^^^^^^^^^^^^^^^^^^^^^^^^
  File "/home/runner/work/fn/fn/NodeScrapy/spiders/DecryptSpider.py", line 46, in _decrypt
    self.driver.get(url)
  File "/opt/hostedtoolcache/Python/3.12.12/x64/lib/python3.12/site-packages/selenium/webdriver/remote/webdriver.py", line 452, in get
    self.execute(Command.GET, {"url": url})
  File "/opt/hostedtoolcache/Python/3.12.12/x64/lib/python3.12/site-packages/selenium/webdriver/remote/webdriver.py", line 429, in execute
    response = cast(RemoteConnection, self.command_executor).execute(driver_command, params)
               ^^^^^^^^^^^^^^^^^^^^^^^^^^^^^^^^^^^^^^^^^^^^^^^^^^^^^^^^^^^^^^^^^^^^^^^^^^^^^
  File "/opt/hostedtoolcache/Python/3.12.12/x64/lib/python3.12/site-packages/selenium/webdriver/remote/remote_connection.py", line 405, in execute
    return self._request(command_info[0], url, body=data)
           ^^^^^^^^^^^^^^^^^^^^^^^^^^^^^^^^^^^^^^^^^^^^^^
  File "/opt/hostedtoolcache/Python/3.12.12/x64/lib/python3.12/site-packages/selenium/webdriver/remote/remote_connection.py", line 429, in _request
    response = self._conn.request(method, url, body=body, headers=headers, timeout=self._client_config.timeout)
               ^^^^^^^^^^^^^^^^^^^^^^^^^^^^^^^^^^^^^^^^^^^^^^^^^^^^^^^^^^^^^^^^^^^^^^^^^^^^^^^^^^^^^^^^^^^^^^^^
  File "/opt/hostedtoolcache/Python/3.12.12/x64/lib/python3.12/site-packages/urllib3/_request_methods.py", line 143, in request
    return self.request_encode_body(
           ^^^^^^^^^^^^^^^^^^^^^^^^^
  File "/opt/hostedtoolcache/Python/3.12.12/x64/lib/python3.12/site-packages/urllib3/_request_methods.py", line 278, in request_encode_body
    return self.urlopen(method, url, **extra_kw)
           ^^^^^^^^^^^^^^^^^^^^^^^^^^^^^^^^^^^^^
  File "/opt/hostedtoolcache/Python/3.12.12/x64/lib/python3.12/site-packages/urllib3/poolmanager.py", line 457, in urlopen
    response = conn.urlopen(method, u.request_uri, **kw)
               ^^^^^^^^^^^^^^^^^^^^^^^^^^^^^^^^^^^^^^^^^
  File "/opt/hostedtoolcache/Python/3.12.12/x64/lib/python3.12/site-packages/urllib3/connectionpool.py", line 841, in urlopen
    retries = retries.increment(
              ^^^^^^^^^^^^^^^^^^
  File "/opt/hostedtoolcache/Python/3.12.12/x64/lib/python3.12/site-packages/urllib3/util/retry.py", line 474, in increment
    raise reraise(type(error), error, _stacktrace)
          ^^^^^^^^^^^^^^^^^^^^^^^^^^^^^^^^^^^^^^^^
  File "/opt/hostedtoolcache/Python/3.12.12/x64/lib/python3.12/site-packages/urllib3/util/util.py", line 39, in reraise
    raise value
  File "/opt/hostedtoolcache/Python/3.12.12/x64/lib/python3.12/site-packages/urllib3/connectionpool.py", line 787, in urlopen
    response = self._make_request(
               ^^^^^^^^^^^^^^^^^^^
  File "/opt/hostedtoolcache/Python/3.12.12/x64/lib/python3.12/site-packages/urllib3/connectionpool.py", line 536, in _make_request
    self._raise_timeout(err=e, url=url, timeout_value=read_timeout)
  File "/opt/hostedtoolcache/Python/3.12.12/x64/lib/python3.12/site-packages/urllib3/connectionpool.py", line 367, in _raise_timeout
    raise ReadTimeoutError(
urllib3.exceptions.ReadTimeoutError: HTTPConnectionPool(host='localhost', port=55695): Read timed out. (read timeout=120)
2025-12-07 00:19:59 [scrapy.extensions.logstats] INFO: Crawled 8 pages (at 8 pages/min), scraped 0 items (at 0 items/min)
2025-12-07 00:22:00 [scrapy.core.scraper] ERROR: Spider error processing <GET https://blues2022.blogspot.com/2025/12/20251254kchatgpt4k8kclashv2ray.html?m=1> (referer: https://blues2022.blogspot.com/?m=1)
Traceback (most recent call last):
  File "/opt/hostedtoolcache/Python/3.12.12/x64/lib/python3.12/site-packages/urllib3/connectionpool.py", line 534, in _make_request
    response = conn.getresponse()
               ^^^^^^^^^^^^^^^^^^
  File "/opt/hostedtoolcache/Python/3.12.12/x64/lib/python3.12/site-packages/urllib3/connection.py", line 571, in getresponse
    httplib_response = super().getresponse()
                       ^^^^^^^^^^^^^^^^^^^^^
  File "/opt/hostedtoolcache/Python/3.12.12/x64/lib/python3.12/http/client.py", line 1430, in getresponse
    response.begin()
  File "/opt/hostedtoolcache/Python/3.12.12/x64/lib/python3.12/http/client.py", line 331, in begin
    version, status, reason = self._read_status()
                              ^^^^^^^^^^^^^^^^^^^
  File "/opt/hostedtoolcache/Python/3.12.12/x64/lib/python3.12/http/client.py", line 292, in _read_status
    line = str(self.fp.readline(_MAXLINE + 1), "iso-8859-1")
               ^^^^^^^^^^^^^^^^^^^^^^^^^^^^^^
  File "/opt/hostedtoolcache/Python/3.12.12/x64/lib/python3.12/socket.py", line 720, in readinto
    return self._sock.recv_into(b)
           ^^^^^^^^^^^^^^^^^^^^^^^
TimeoutError: timed out

The above exception was the direct cause of the following exception:

Traceback (most recent call last):
  File "/opt/hostedtoolcache/Python/3.12.12/x64/lib/python3.12/site-packages/scrapy/utils/defer.py", line 343, in iter_errback
    yield next(it)
          ^^^^^^^^
  File "/opt/hostedtoolcache/Python/3.12.12/x64/lib/python3.12/site-packages/scrapy/utils/python.py", line 369, in __next__
    return next(self.data)
           ^^^^^^^^^^^^^^^
  File "/opt/hostedtoolcache/Python/3.12.12/x64/lib/python3.12/site-packages/scrapy/utils/python.py", line 369, in __next__
    return next(self.data)
           ^^^^^^^^^^^^^^^
  File "/opt/hostedtoolcache/Python/3.12.12/x64/lib/python3.12/site-packages/scrapy/core/spidermw.py", line 167, in process_sync
    yield from iterable
  File "/opt/hostedtoolcache/Python/3.12.12/x64/lib/python3.12/site-packages/scrapy/spidermiddlewares/base.py", line 58, in process_spider_output
    for o in result:
             ^^^^^^
  File "/opt/hostedtoolcache/Python/3.12.12/x64/lib/python3.12/site-packages/scrapy/core/spidermw.py", line 167, in process_sync
    yield from iterable
  File "/opt/hostedtoolcache/Python/3.12.12/x64/lib/python3.12/site-packages/scrapy/spidermiddlewares/base.py", line 58, in process_spider_output
    for o in result:
             ^^^^^^
  File "/opt/hostedtoolcache/Python/3.12.12/x64/lib/python3.12/site-packages/scrapy/core/spidermw.py", line 167, in process_sync
    yield from iterable
  File "/opt/hostedtoolcache/Python/3.12.12/x64/lib/python3.12/site-packages/scrapy/spidermiddlewares/base.py", line 58, in process_spider_output
    for o in result:
             ^^^^^^
  File "/opt/hostedtoolcache/Python/3.12.12/x64/lib/python3.12/site-packages/scrapy/core/spidermw.py", line 167, in process_sync
    yield from iterable
  File "/opt/hostedtoolcache/Python/3.12.12/x64/lib/python3.12/site-packages/scrapy/spidermiddlewares/depth.py", line 59, in process_spider_output
    yield from super().process_spider_output(response, result, spider)
  File "/opt/hostedtoolcache/Python/3.12.12/x64/lib/python3.12/site-packages/scrapy/spidermiddlewares/base.py", line 58, in process_spider_output
    for o in result:
             ^^^^^^
  File "/opt/hostedtoolcache/Python/3.12.12/x64/lib/python3.12/site-packages/scrapy/core/spidermw.py", line 167, in process_sync
    yield from iterable
  File "/home/runner/work/fn/fn/NodeScrapy/spiders/DecryptSpider.py", line 97, in parse_blog
    ok, msg = self._decrypt(response.url, method, pwd)
              ^^^^^^^^^^^^^^^^^^^^^^^^^^^^^^^^^^^^^^^^
  File "/home/runner/work/fn/fn/NodeScrapy/spiders/DecryptSpider.py", line 46, in _decrypt
    self.driver.get(url)
  File "/opt/hostedtoolcache/Python/3.12.12/x64/lib/python3.12/site-packages/selenium/webdriver/remote/webdriver.py", line 452, in get
    self.execute(Command.GET, {"url": url})
  File "/opt/hostedtoolcache/Python/3.12.12/x64/lib/python3.12/site-packages/selenium/webdriver/remote/webdriver.py", line 429, in execute
    response = cast(RemoteConnection, self.command_executor).execute(driver_command, params)
               ^^^^^^^^^^^^^^^^^^^^^^^^^^^^^^^^^^^^^^^^^^^^^^^^^^^^^^^^^^^^^^^^^^^^^^^^^^^^^
  File "/opt/hostedtoolcache/Python/3.12.12/x64/lib/python3.12/site-packages/selenium/webdriver/remote/remote_connection.py", line 405, in execute
    return self._request(command_info[0], url, body=data)
           ^^^^^^^^^^^^^^^^^^^^^^^^^^^^^^^^^^^^^^^^^^^^^^
  File "/opt/hostedtoolcache/Python/3.12.12/x64/lib/python3.12/site-packages/selenium/webdriver/remote/remote_connection.py", line 429, in _request
    response = self._conn.request(method, url, body=body, headers=headers, timeout=self._client_config.timeout)
               ^^^^^^^^^^^^^^^^^^^^^^^^^^^^^^^^^^^^^^^^^^^^^^^^^^^^^^^^^^^^^^^^^^^^^^^^^^^^^^^^^^^^^^^^^^^^^^^^
  File "/opt/hostedtoolcache/Python/3.12.12/x64/lib/python3.12/site-packages/urllib3/_request_methods.py", line 143, in request
    return self.request_encode_body(
           ^^^^^^^^^^^^^^^^^^^^^^^^^
  File "/opt/hostedtoolcache/Python/3.12.12/x64/lib/python3.12/site-packages/urllib3/_request_methods.py", line 278, in request_encode_body
    return self.urlopen(method, url, **extra_kw)
           ^^^^^^^^^^^^^^^^^^^^^^^^^^^^^^^^^^^^^
  File "/opt/hostedtoolcache/Python/3.12.12/x64/lib/python3.12/site-packages/urllib3/poolmanager.py", line 457, in urlopen
    response = conn.urlopen(method, u.request_uri, **kw)
               ^^^^^^^^^^^^^^^^^^^^^^^^^^^^^^^^^^^^^^^^^
  File "/opt/hostedtoolcache/Python/3.12.12/x64/lib/python3.12/site-packages/urllib3/connectionpool.py", line 841, in urlopen
    retries = retries.increment(
              ^^^^^^^^^^^^^^^^^^
  File "/opt/hostedtoolcache/Python/3.12.12/x64/lib/python3.12/site-packages/urllib3/util/retry.py", line 474, in increment
    raise reraise(type(error), error, _stacktrace)
          ^^^^^^^^^^^^^^^^^^^^^^^^^^^^^^^^^^^^^^^^
  File "/opt/hostedtoolcache/Python/3.12.12/x64/lib/python3.12/site-packages/urllib3/util/util.py", line 39, in reraise
    raise value
  File "/opt/hostedtoolcache/Python/3.12.12/x64/lib/python3.12/site-packages/urllib3/connectionpool.py", line 787, in urlopen
    response = self._make_request(
               ^^^^^^^^^^^^^^^^^^^
  File "/opt/hostedtoolcache/Python/3.12.12/x64/lib/python3.12/site-packages/urllib3/connectionpool.py", line 536, in _make_request
    self._raise_timeout(err=e, url=url, timeout_value=read_timeout)
  File "/opt/hostedtoolcache/Python/3.12.12/x64/lib/python3.12/site-packages/urllib3/connectionpool.py", line 367, in _raise_timeout
    raise ReadTimeoutError(
urllib3.exceptions.ReadTimeoutError: HTTPConnectionPool(host='localhost', port=55695): Read timed out. (read timeout=120)
2025-12-07 00:22:00 [scrapy.extensions.logstats] INFO: Crawled 8 pages (at 0 pages/min), scraped 0 items (at 0 items/min)
2025-12-07 00:22:00 [decrypt] INFO: Pipeline got item yudou66.txt
2025-12-07 00:22:00 [decrypt] INFO: Pipeline processed yudou66.txt
2025-12-07 00:22:00 [scrapy.core.engine] INFO: Closing spider (finished)
2025-12-07 00:24:00 [urllib3.connectionpool] WARNING: Retrying (Retry(total=2, connect=None, read=None, redirect=None, status=None)) after connection broken by 'ReadTimeoutError("HTTPConnectionPool(host='localhost', port=55695): Read timed out. (read timeout=120)")': /session/3dd02d10312e13e92f3183126645a5d2
2025-12-07 00:24:05 [scrapy.statscollectors] INFO: Dumping Scrapy stats:
{'downloader/exception_count': 2,
 'downloader/exception_type_count/twisted.internet.error.ConnectError': 1,
 'downloader/exception_type_count/twisted.web._newclient.ResponseNeverReceived': 1,
 'downloader/request_bytes': 5855,
 'downloader/request_count': 16,
 'downloader/request_method_count/GET': 16,
 'downloader/response_bytes': 334582,
 'downloader/response_count': 14,
 'downloader/response_status_count/200': 9,
 'downloader/response_status_count/302': 5,
 'elapsed_time_seconds': 627.486124,
 'finish_reason': 'finished',
 'finish_time': datetime.datetime(2025, 12, 7, 0, 24, 5, 868782, tzinfo=datetime.timezone.utc),
 'httpcompression/response_bytes': 1722779,
 'httpcompression/response_count': 9,
 'item_scraped_count': 1,
 'items_per_minute': 0.09569377990430622,
 'log_count/ERROR': 4,
 'log_count/INFO': 31,
 'log_count/WARNING': 17,
 'memusage/max': 191713280,
 'memusage/startup': 181186560,
 'request_depth_max': 2,
 'response_received_count': 9,
 'responses_per_minute': 0.861244019138756,
 'retry/count': 2,
 'retry/reason_count/twisted.internet.error.ConnectError': 1,
 'retry/reason_count/twisted.web._newclient.ResponseNeverReceived': 1,
 'scheduler/dequeued': 16,
 'scheduler/dequeued/memory': 16,
 'scheduler/enqueued': 16,
 'scheduler/enqueued/memory': 16,
 'spider_exceptions/ReadTimeoutError': 4,
 'spider_exceptions/count': 4,
 'start_time': datetime.datetime(2025, 12, 7, 0, 13, 38, 382658, tzinfo=datetime.timezone.utc)}
2025-12-07 00:24:05 [scrapy.core.engine] INFO: Spider closed (finished)
